Expt Paralell Offset: rds -0.295 +-2.000 *9. 331-334, nr4at-9.81,7.50, 1.99x20.00, 115.00 deg. sf1.00tf10 747316666
Dur 3499.75,0 NF 22 IS 0.40 Framerate 60.00
cm=rf-7.34,2.33:2.88x6.04,110.0deg  pe95 0,-6 fx=0.00,fy=0.0
props sq0.00 xo-7.75 yo1.86 wi1.99 hi20.00 or115.00 sf1.00 tf10.00 dx2.0006 se8210 id6794 bd0.0000 op=+cn+cp+sc+cd+bm+ic 
TrialGood 109: 747138598-747158382 4
Expt Cancelled
cm=noback
mtop=op+do+aa+sq+72+fc+fb+ap+wt+cf+ws+ts+sw+bw+ic+cs+bm+gm+cS+C3

expt: rds et=Pp e2=e0
Expt Start: rds type 288 -0.30: 2.00x9 ed=18.4500
xExpt2: EXPTYPE_NONE 25.00: 180.00x0
stim 747322105-747325605:331 bG rds0 props sq0.00 xo-8.44 yo3.74 wi1.99 hi20.00 or115.00 sf1.00 tf10.00 dx0.0000 se8213 id6795 bd0.0000 op=+cn+cp+sc+cd+bm+ic 
stim 747326938-747330438:332 bG rds0 props sq0.00 xo-10.49 yo9.38 wi1.99 hi20.00 or115.00 sf1.00 tf10.00 dx0.0000 se8216 id6796 bd0.0000 op=+cn+cp+sc+cd+bm+ic 
stim 747331771-747335271:333 bG rds0 props sq0.00 xo-6.39 yo-1.89 wi1.99 hi20.00 or115.00 sf1.00 tf10.00 dx0.0000 se8219 id6797 bd0.0000 op=+cn+cp+sc+cd+bm+ic 
stim 747336605-747340104:334 bG rds0 props sq0.00 xo-9.81 yo7.50 wi1.99 hi20.00 or115.00 sf1.00 tf10.00 dx0.0000 se8222 id6798 bd0.0000 op=+cn+cp+sc+cd+bm+ic 
Expt Cancelled
cm=noback
mtop=op+do+aa+sq+72+fc+fb+ap+wt+cf+ws+ts+sw+bw+ic+cs+bm+gm+cS+C3

expt: rds et=Op e2=e0
Expt Start: rds type 287 0.55: 2.00x9 ed=18.4500
xExpt2: EXPTYPE_NONE 25.00: 180.00x0
