Expt Disparity : cylinder 0.000 +-0.100 *9. 1814-1818, nr4at-2.61,-5.80, 6.99x7.00, -96.56 deg. sf1.00tf10 823068610
Dur 3499.60,17999 NF 22 IS 0.40 Framerate 60.00
cm=rf-3.04,-5.85:4.49x3.29,-125.0deg  pe77 -3,-5 fx=0.00,fy=
props sq0.00 xo-2.61 yo-5.80 wi6.99 hi7.00 or-125.00 sf1.00 tf10.00 dx0.6000 se8636 id6671 bd0.0000 op=+cn+cp+sc+cd+xe+bm+ic+fS 
TrialGood 380: 822817665-822837593 4
EndExpt  (822838911)
cm=noback
mtop=op+do+sq+72+fc+fb+ap+wt+cf+ws+ts+sw+bw+ic+cs+bm+gm+cS+C3

expt: cylinder et=dx e2=e0
Expt Start (823068610): cylinder Disparity  0.00: 0.10x9 ed=14.8000
xExpt2: EXPTYPE_NONE -35.00: 180.00x0
stim 823073141-823076640:1814 bG cylinder0 props sq0.00 xo-2.61 yo-5.80 wi6.99 hi7.00 or-96.56 sf1.00 tf10.00 dx0.2000 se8637 id6672 bd0.0000 op=+cn+cp+sc+cd+bm+ic 
stim 823077974-823081474:1815 bG cylinder0 props sq0.00 xo-2.61 yo-5.80 wi6.99 hi7.00 or-96.56 sf1.00 tf10.00 dx0.0000 se8638 id6673 bd0.0000 op=+cn+cp+sc+cd+bm+ic 
stim 823082807-823086307:1816 bG cylinder0 props sq0.00 xo-2.61 yo-5.80 wi6.99 hi7.00 or-96.56 sf1.00 tf10.00 dx-0.2000 se8639 id6674 bd0.0000 op=+cn+cp+sc+cd+bm+ic 
stim 823087640-823091140:1817 bG cylinder0 props sq0.00 xo-2.61 yo-5.80 wi6.99 hi7.00 or-96.56 sf1.00 tf10.00 dx-0.4000 se8640 id6675 bd0.0000 op=+cn+cp+sc+cd+bm+ic 
TrialGood 381: 823072140-823091918 4
stim 823097641-823101140:1818 bG cylinder0 props sq0.00 xo-2.61 yo-5.80 wi6.99 hi7.00 or-96.56 sf1.00 tf10.00 dx0.1000 se8641 id6676 bd0.0000 op=+cn+cp+sc+cd+bm+ic 
Expt Cancelled
cm=noback
mtop=op+do+sq+72+fc+fb+ap+wt+cf+ws+ts+sw+bw+ic+cs+bm+gm+cS+C3

expt: cylinder et=dx e2=e0
Expt Start (823183887): cylinder Disparity  0.00: 0.10x9 ed=14.8000
xExpt2: EXPTYPE_NONE -35.00: 180.00x0
