Expt Disparity : rds 0.000 +-0.200 *7. 85-96, nr4at-3.42,-4.36, 5.00x5.00, 90.00 deg. sf1.00tf10 1810907
Dur 3500.08,13166 NF 22 IS 0.40 Framerate 60.00
cm=rf-3.29,-4.32:3.76x4.02,120.0deg  pe79 -1,-5 fx=0.00,fy=0
props sq0.00 xo-3.42 yo-4.36 wi5.00 hi5.00 or90.00 sf1.00 tf10.00 dx-0.4000 se8728 id6790 bd-0.5000 op=+cn+cp+sc+cd+bm+ic+fS+(null) 
Expt Cancelled
cm=back=rds,wi=6.02,hi=6.00,ce=1.00,xo=-3.42,yo=1.00,dx=-0.50,co=1.00
mtop=op+do+aa+72+fc+fb+ap+wt+cf+ws+ts+sw+bw+ic+im+iu+cs+bm+gm+cS+C3

expt: rds et=dx e2=e0
Expt Start (1810907): rds Disparity  0.00: 0.20x7 ed=16.8200
xExpt2: EXPTYPE_NONE 0.55: 0.30x0
stim 1817301-1820801:85 bG rds0 props sq0.00 xo-3.42 yo-4.36 wi5.00 hi5.00 or90.00 sf1.00 tf10.00 dx-0.4000 se8732 id6792 bd-0.5000 op=+cn+cp+sc+cd+bm+ic+fS+(null) 
TrialGood 18: 1816152-1821572 1
stim 1827300-1830801:86 bG rds0 props sq0.00 xo-3.42 yo-4.36 wi5.00 hi5.00 or90.00 sf1.00 tf10.00 dx0.0000 se8734 id6793 bd-0.5000 op=+cn+cp+sc+cd+uc+bm+ic+fS+(null) 
stim 1832134-1835634:87 bG none0 props sq0.00 xo-3.42 yo-4.36 wi5.00 hi5.00 or90.00 sf1.00 tf10.00 dx0.0000 se8736 id6794 bd-0.5000 op=+cn+cp+sc+cd+bm+ic+fS+(null) 
stim 1836967-1840467:88 bG rds0 props sq0.00 xo-3.42 yo-4.36 wi5.00 hi5.00 or90.00 sf1.00 tf10.00 dx0.2000 se8738 id6795 bd-0.5000 op=+cn+cp+sc+cd+bm+ic+fS+(null) 
stim 1841800-1845300:89 bG rds0 props sq0.00 xo-3.42 yo-4.36 wi5.00 hi5.00 or90.00 sf1.00 tf10.00 dx0.4000 se8740 id6796 bd-0.5000 op=+cn+cp+sc+cd+bm+ic+fS+(null) 
TrialGood 19: 1826278-1846073 4
stim 1851967-1855467:90 lG rds0 props sq0.00 xo-3.42 yo-4.36 wi5.00 hi5.00 or90.00 sf1.00 tf10.00 dx0.0000 se8742 id6797 bd-0.5000 op=+lm+cn+cp+sc+cd+bm+ic+fS+(null) 
stim 1856800-1860300:91 rG rds0 props sq0.00 xo-3.42 yo-4.36 wi5.00 hi5.00 or90.00 sf1.00 tf10.00 dx0.0000 se8744 id6798 bd-0.5000 op=+rm+cn+cp+sc+cd+bm+ic+fS+(null) 
stim 1861633-1865133:92 bG rds0 props sq0.00 xo-3.42 yo-4.36 wi5.00 hi5.00 or90.00 sf1.00 tf10.00 dx-0.2000 se8746 id6799 bd-0.5000 op=+cn+cp+sc+cd+bm+ic+fS+(null) 
stim 1866466-1869966:93 bG rds0 props sq0.00 xo-3.42 yo-4.36 wi5.00 hi5.00 or90.00 sf1.00 tf10.00 dx-0.6000 se8748 id6800 bd-0.5000 op=+cn+cp+sc+cd+bm+ic+fS+(null) 
TrialGood 20: 1850878-1870739 4
stim 1876633-1880133:94 bG rds0 props sq0.00 xo-3.42 yo-4.36 wi5.00 hi5.00 or90.00 sf1.00 tf10.00 dx0.6000 se8750 id6801 bd-0.5000 op=+cn+cp+sc+cd+bm+ic+fS+(null) 
stim 1881466-1884966:95 bG rds0 props sq0.00 xo-3.42 yo-4.36 wi5.00 hi5.00 or90.00 sf1.00 tf10.00 dx0.0000 se8752 id6802 bd-0.5000 op=+cn+cp+sc+cd+bm+ic+fS+(null) 
stim 1886299-1889799:96 bG rds0 props sq0.00 xo-3.42 yo-4.36 wi5.00 hi5.00 or90.00 sf1.00 tf10.00 dx-0.6000 se8754 id6803 bd-0.5000 op=+cn+cp+sc+cd+bm+ic+fS+(null) 
Expt Cancelled
cm=back=rds,wi=6.99,hi=7.00,ce=1.00,xo=-3.42,yo=1.00,dx=0.00,co=1.00
mtop=op+do+aa+72+fc+fb+ap+wt+cf+ws+ts+sw+bw+ic+im+iu+cs+bm+gm+cS+C3

expt: rds et=dx e2=e0
Expt Start (2222927): rds Disparity  0.00: 0.20x7 ed=16.8200
xExpt2: EXPTYPE_NONE 0.55: 0.30x0
