10-Jun-2009 14:40:40 Saving index /bgc/data/icarus/207/ic207idx.mat
Cluster set for P1 Expt 34 10-Jun-2009 18:06:17
Cluster set for P1 Expt 34 10-Jun-2009 18:06:26
Cluster set for P1 Expt 39 10-Jun-2009 18:06:35
Cluster set for P1 Expt 39 10-Jun-2009 18:06:49
10-Jun-2009 18:07:00,Saved 3352 spikes (Expts 34 39) to \data\icarus\207\ic207.c1.rds.OT.mat
Cluster set for P1 Expt 40 10-Jun-2009 18:07:20
Cluster set for P1 Expt 35 10-Jun-2009 18:07:29
Cluster set for P1 Expt 40 10-Jun-2009 18:07:46
Cluster set for P1 Expt 40 10-Jun-2009 18:08:13
Cluster set for P1 Expt 35 10-Jun-2009 18:08:23
Cluster set for P1 Expt 40 10-Jun-2009 18:08:28
Cluster set for P1 Expt 40 10-Jun-2009 18:08:44
10-Jun-2009 18:08:46,Saved 2036 spikes (Expts 40) to \data\icarus\207\ic207.c1.cylinder.DT.mat
Cluster set for P1 Expt 36 10-Jun-2009 18:09:01
10-Jun-2009 18:09:03,Saved 2492 spikes (Expts 36) to \data\icarus\207\ic207.c1.rds.OP.mat
Cluster set for P1 Expt 37 10-Jun-2009 18:09:24
10-Jun-2009 18:09:26,Saved 2554 spikes (Expts 37) to \data\icarus\207\ic207.c1.rds.PP.mat
Cluster set for P1 Expt 41 10-Jun-2009 18:09:45
10-Jun-2009 18:09:48,Saved 1653 spikes (Expts 41) to \data\icarus\207\ic207.c1.cylinder.SZ.mat
Cluster set for P1 Expt 47 10-Jun-2009 18:10:19
Cluster set for P1 Expt 46 10-Jun-2009 18:10:26
Cluster set for P1 Expt 45 10-Jun-2009 18:10:36
Cluster set for P1 Expt 44 10-Jun-2009 18:10:43
Cluster set for P1 Expt 43 10-Jun-2009 18:10:54
Cluster set for P1 Expt 42 10-Jun-2009 18:11:00
10-Jun-2009 18:11:27,Saved 76480 spikes (Expts 43 44 45 46 47) to \data\icarus\207\ic207.c1.cylinder.ADT.mat
Cluster set for P1 Expt 26 10-Jun-2009 18:11:59
Cluster set for P1 Expt 26 10-Jun-2009 18:12:08
10-Jun-2009 18:12:10,Saved 1020 spikes (Expts 26) to \data\icarus\207\ic207.c1.ed18.90.rds.OT.mat
Cluster set for P1 Expt 28 10-Jun-2009 18:12:17
Cluster set for P1 Expt 28 10-Jun-2009 18:12:24
10-Jun-2009 18:12:26,Saved 1154 spikes (Expts 28) to \data\icarus\207\ic207.c1.ed19.00.rds.OT.mat
Cluster set for P1 Expt 30 10-Jun-2009 18:12:34
10-Jun-2009 18:12:39,Saved 1328 spikes (Expts 30) to \data\icarus\207\ic207.c1.ed19.10.rds.OT.mat
Cluster set for P1 Expt 32 10-Jun-2009 18:12:48
Cluster set for P1 Expt 32 10-Jun-2009 18:12:58
10-Jun-2009 18:13:03,Saved 1346 spikes (Expts 32) to \data\icarus\207\ic207.c1.ed19.20.rds.OT.mat
Cluster set for P1 Expt 27 10-Jun-2009 18:13:25
Cluster set for P1 Expt 27 10-Jun-2009 18:13:38
10-Jun-2009 18:13:40,Saved 934 spikes (Expts 27) to \data\icarus\207\ic207.c1.ed18.90.cylinder.DT.mat
Cluster set for P1 Expt 29 10-Jun-2009 18:13:56
10-Jun-2009 18:14:02,Saved 1860 spikes (Expts 29) to \data\icarus\207\ic207.c1.ed19.00.cylinder.DT.mat
Cluster set for P1 Expt 31 10-Jun-2009 18:14:27
10-Jun-2009 18:14:33,Saved 1234 spikes (Expts 31) to \data\icarus\207\ic207.c1.ed19.10.cylinder.DT.mat
Cluster set for P1 Expt 33 10-Jun-2009 18:14:51
10-Jun-2009 18:14:55,Saved 1261 spikes (Expts 33) to \data\icarus\207\ic207.c1.ed19.20.cylinder.DT.mat
10-Jun-2009 18:16:54,Saved 0 spikes (Expts 49 50 51 52) to \data\icarus\207\ic207.c1.cylinder.UADT.mat
17-Jun-2009 16:42:06 Saving index /data/icarus/207/ic207idx.mat
17-Jun-2009 17:12:51,Saved 0 spikes (Expts 49 50 51 52) to \data\icarus\207\ic207.c1.cylinder.UADT.mat
