10-Jun-2009 10:43:46 Saving index \data\icarus\199\ic199idx.mat
Cluster set for P1 Expt 15 10-Jun-2009 16:23:44
10-Jun-2009 16:23:59,Saved 2820 spikes (Expts 15) to \data\icarus\199\ic199.c1.rds.OT.mat
Cluster set for P1 Expt 19 10-Jun-2009 16:24:36
10-Jun-2009 16:24:39,Saved 1962 spikes (Expts 19) to \data\icarus\199\ic199.c1.cylinder.DT.mat
Cluster set for P1 Expt 16 10-Jun-2009 16:25:06
10-Jun-2009 16:25:07,Saved 2589 spikes (Expts 16) to \data\icarus\199\ic199.c1.rds.OP.mat
Cluster set for P1 Expt 17 10-Jun-2009 16:25:37
10-Jun-2009 16:25:39,Saved 2661 spikes (Expts 17) to \data\icarus\199\ic199.c1.rds.PP.mat
Cluster set for P1 Expt 20 10-Jun-2009 16:25:58
Cluster set for P1 Expt 21 10-Jun-2009 16:26:21
Cluster set for P1 Expt 21 10-Jun-2009 16:26:36
Cluster set for P1 Expt 20 10-Jun-2009 16:26:59
10-Jun-2009 16:27:05,Saved 5962 spikes (Expts 20 21) to \data\icarus\199\ic199.c1.cylinder.SZ.mat
Cluster set for P1 Expt 23 10-Jun-2009 16:28:41
Cluster set for P1 Expt 24 10-Jun-2009 16:28:58
Cluster set for P1 Expt 24 10-Jun-2009 16:29:16
Cluster set for P1 Expt 25 10-Jun-2009 16:29:34
Cluster set for P1 Expt 23 10-Jun-2009 16:30:46
Cluster set for P1 Expt 23 10-Jun-2009 16:30:50
10-Jun-2009 16:30:56,Saved 76198 spikes (Expts 23 24 25) to \data\icarus\199\ic199.c1.cylinder.ADT.mat
Cluster set for P1 Expt 13 10-Jun-2009 16:32:19
10-Jun-2009 16:32:37,Saved 3385 spikes (Expts 13) to \data\icarus\199\ic199.c1.ed17.15.rds.OT.mat
Cluster set for P1 Expt 11 10-Jun-2009 16:32:54
10-Jun-2009 16:33:02,Saved 2990 spikes (Expts 11) to \data\icarus\199\ic199.c1.ed17.05.rds.OT.mat
Cluster set for P1 Expt 9 10-Jun-2009 16:33:35
Cluster set for P1 Expt 9 10-Jun-2009 16:33:45
10-Jun-2009 16:33:50,Saved 1904 spikes (Expts 9) to \data\icarus\199\ic199.c1.ed16.95.rds.OT.mat
Cluster set for P1 Expt 6 10-Jun-2009 16:34:10
10-Jun-2009 16:34:16,Saved 1505 spikes (Expts 6) to \data\icarus\199\ic199.c1.ed16.85.rds.OT.mat
Cluster set for P1 Expt 14 10-Jun-2009 16:34:55
10-Jun-2009 16:35:20,Saved 2546 spikes (Expts 14) to \data\icarus\199\ic199.c1.ed17.15.cylinder.DT.mat
Cluster set for P1 Expt 12 10-Jun-2009 16:35:35
Cluster set for P1 Expt 12 10-Jun-2009 16:35:44
10-Jun-2009 16:35:48,Saved 2359 spikes (Expts 12) to \data\icarus\199\ic199.c1.ed17.05.cylinder.DT.mat
Cluster set for P1 Expt 10 10-Jun-2009 16:36:07
Cluster set for P1 Expt 10 10-Jun-2009 16:36:14
10-Jun-2009 16:36:15,Saved 1954 spikes (Expts 10) to \data\icarus\199\ic199.c1.ed16.95.cylinder.DT.mat
Cluster set for P1 Expt 7 10-Jun-2009 16:36:30
10-Jun-2009 16:36:38,Saved 2081 spikes (Expts 7) to \data\icarus\199\ic199.c1.ed16.85.cylinder.DT.mat
10-Jun-2009 16:38:34,Saved 0 spikes (Expts 26 27 28 29 30) to \data\icarus\199\ic199.c1.cylinder.UADT.mat
17-Jun-2009 13:41:14 Saving index /data/icarus/199/ic199idx.mat
17-Jun-2009 13:45:07 Saving index /data/icarus/199/ic199idx.mat
17-Jun-2009 17:02:24,Saved 0 spikes (Expts 26 27 28 29 30) to \data\icarus\199\ic199.c1.cylinder.UADT.mat
