07-Aug-2009 16:47:32 Fixed LFP in Z:\bgc\data\icarus\306\ic306.lfp.mat
07-Aug-2009 16:47:48 Saving index Z:\bgc\data\icarus\306\ic306idx.mat
Cluster set for P1 Expt 1 07-Aug-2009 17:13:51
Cluster set for P1 Expt 3 07-Aug-2009 17:13:52
07-Aug-2009 17:14:03,Saved 137 spikes (Expts 1) to Z:\data\icarus\306\ic306.c1.cylinder.DT.mat
Cluster set for P1 Expt 2 07-Aug-2009 17:14:09
07-Aug-2009 17:14:13,Saved 134 spikes (Expts 2) to Z:\data\icarus\306\ic306.c1.rds.OT.mat
Cluster set for P1 Expt 4 07-Aug-2009 17:14:50
07-Aug-2009 17:14:52,Saved 295 spikes (Expts 4) to Z:\data\icarus\306\ic306.c1.rds.OP.mat
Cluster set for P1 Expt 5 07-Aug-2009 17:15:02
07-Aug-2009 17:15:05,Saved 250 spikes (Expts 5) to Z:\data\icarus\306\ic306.c1.rds.PP.mat
Cluster set for P1 Expt 7 07-Aug-2009 17:15:10
Cluster set for P1 Expt 8 07-Aug-2009 17:15:12
07-Aug-2009 17:15:19,Saved 437 spikes (Expts 7 8) to Z:\data\icarus\306\ic306.c1.rds.SZ.mat
Cluster set for P1 Expt 9 07-Aug-2009 17:15:24
Cluster set for P1 Expt 10 07-Aug-2009 17:15:32
Cluster set for P1 Expt 11 07-Aug-2009 17:15:36
Cluster set for P1 Expt 12 07-Aug-2009 17:15:43
07-Aug-2009 17:16:18,Saved 712 spikes (Expts 9) to Z:\data\icarus\306\ic306.c1.rds.DT.mat
07-Aug-2009 17:16:22,Saved 220 spikes (Expts 10) to Z:\data\icarus\306\ic306.c1.rds.DT.mat
07-Aug-2009 17:16:31,Saved 712 spikes (Expts 9) to Z:\data\icarus\306\ic306.c1.rds.DT.mat
