04-Sep-2009 16:50:37 Fixed LFP in Z:\bgc\data\icarus\379\ic379.lfp.mat
04-Sep-2009 16:51:19 Saving index Z:\bgc\data\icarus\379\ic379idx.mat
Cluster set for P1 Expt 1 04-Sep-2009 18:09:49
Cluster set for P1 Expt 2 04-Sep-2009 18:10:05
Cluster set for P1 Expt 3 04-Sep-2009 18:10:30
Cluster set for P1 Expt 4 04-Sep-2009 18:10:39
Cluster set for P1 Expt 4 04-Sep-2009 18:10:52
Cluster set for P1 Expt 5 04-Sep-2009 18:10:57
Cluster set for P1 Expt 6 04-Sep-2009 18:11:06
Cluster set for P1 Expt 7 04-Sep-2009 18:11:11
Cluster set for P1 Expt 8 04-Sep-2009 18:11:20
Cluster set for P1 Expt 9 04-Sep-2009 18:11:25
Cluster set for P1 Expt 10 04-Sep-2009 18:11:32
Cluster set for P1 Expt 11 04-Sep-2009 18:11:47
Cluster set for P1 Expt 12 04-Sep-2009 18:11:56
Cluster set for P1 Expt 13 04-Sep-2009 18:12:07
Cluster set for P1 Expt 13 04-Sep-2009 18:12:21
Cluster set for P1 Expt 14 04-Sep-2009 18:12:29
Cluster set for P1 Expt 15 04-Sep-2009 18:13:00
Cluster set for P1 Expt 16 04-Sep-2009 18:13:09
Cluster set for P1 Expt 17 04-Sep-2009 18:13:17
Cluster set for P1 Expt 18 04-Sep-2009 18:13:25
04-Sep-2009 18:13:41,Saved 1524 spikes (Expts 1 3) to /bgc/data/icarus/379/ic379.c1.rds.OT.mat
04-Sep-2009 18:13:46,Saved 522 spikes (Expts 4 5) to /bgc/data/icarus/379/ic379.c1.rds.OP.mat
04-Sep-2009 18:13:49,Saved 884 spikes (Expts 6 7) to /bgc/data/icarus/379/ic379.c1.rds.PP.mat
04-Sep-2009 18:13:53,Saved 884 spikes (Expts 6 7) to /bgc/data/icarus/379/ic379.c1.rds.SZ.mat
04-Sep-2009 18:13:57,Saved 548 spikes (Expts 8 9) to /bgc/data/icarus/379/ic379.c1.rds.SZ.mat
04-Sep-2009 18:14:04,Saved 2100 spikes (Expts 10 11) to /bgc/data/icarus/379/ic379.c1.rds.DT.mat
04-Sep-2009 18:14:32,Saved 1598 spikes (Expts 12 14) to /bgc/data/icarus/379/ic379.c1.cylinder.DT.mat
04-Sep-2009 18:15:03,Saved 1598 spikes (Expts 12 14) to /bgc/data/icarus/379/ic379.c1.cylinder.DT.js.1.mat
04-Sep-2009 18:15:10,Saved 1598 spikes (Expts 12 14) to /bgc/data/icarus/379/ic379.c1.cylinder.DT.js.2.mat
04-Sep-2009 18:16:11,Saved 2225 spikes (Expts 17 18) to /bgc/data/icarus/379/ic379.c1.cylinder.DT.js.2.mat
04-Sep-2009 18:16:20,Saved 2427 spikes (Expts 15 16) to /bgc/data/icarus/379/ic379.c1.cylinder.DT.js.1.mat
