17-Aug-2009 17:47:34 Fixed LFP in Z:\bgc\data\icarus\319\ic319.lfp.mat
17-Aug-2009 17:48:10 Saving index Z:\bgc\data\icarus\319\ic319idx.mat
Cluster set for P1 Expt 1 17-Aug-2009 18:45:39
Cluster set for P1 Expt 2 17-Aug-2009 18:45:50
Cluster set for P1 Expt 3 17-Aug-2009 18:45:58
Cluster set for P1 Expt 4 17-Aug-2009 18:46:07
Cluster set for P1 Expt 5 17-Aug-2009 18:46:17
Cluster set for P1 Expt 6 17-Aug-2009 18:46:37
Cluster set for P1 Expt 7 17-Aug-2009 18:46:45
Cluster set for P1 Expt 8 17-Aug-2009 18:47:32
Cluster set for P1 Expt 9 17-Aug-2009 18:47:55
Cluster set for P1 Expt 10 17-Aug-2009 18:48:52
Cluster set for P1 Expt 11 17-Aug-2009 18:49:07
Cluster set for P1 Expt 13 17-Aug-2009 18:50:52
Cluster set for P1 Expt 14 17-Aug-2009 18:50:57
Cluster set for P1 Expt 15 17-Aug-2009 18:51:01
Cluster set for P1 Expt 16 17-Aug-2009 18:51:05
Cluster set for P1 Expt 17 17-Aug-2009 18:51:39
Cluster set for P1 Expt 18 17-Aug-2009 18:57:59
Cluster set for P1 Expt 12 17-Aug-2009 18:59:19
Cluster set for P1 Expt 19 17-Aug-2009 20:03:18
Cluster set for P1 Expt 20 17-Aug-2009 20:03:22
Cluster set for P1 Expt 21 17-Aug-2009 20:03:25
Cluster set for P1 Expt 22 17-Aug-2009 20:03:28
Cluster set for P1 Expt 23 17-Aug-2009 20:03:31
Cluster set for P1 Expt 24 17-Aug-2009 20:03:35
Cluster set for P1 Expt 25 17-Aug-2009 20:03:38
Cluster set for P1 Expt 26 17-Aug-2009 20:03:41
Cluster set for P1 Expt 27 17-Aug-2009 20:03:44
Cluster set for P1 Expt 28 17-Aug-2009 20:03:49
Cluster set for P1 Expt 13 17-Aug-2009 20:06:09
Cluster set for P1 Expt 25 17-Aug-2009 20:09:02
Cluster set for P1 Expt 24 17-Aug-2009 20:09:08
Cluster set for P1 Expt 26 17-Aug-2009 20:09:20
Cluster set for P1 Expt 27 17-Aug-2009 20:09:29
17-Aug-2009 20:09:38,Saved 1046 spikes (Expts 24 25 26 27) to /bgc/data/icarus/319/ic319.c1.cylinder.DT.mat
17-Aug-2009 20:09:56,Saved 352 spikes (Expts 21) to /bgc/data/icarus/319/ic319.c1.rds.VE.mat
17-Aug-2009 20:11:47,Saved 479 spikes (Expts 20) to /bgc/data/icarus/319/ic319.c1.rds.SZ.mat
17-Aug-2009 20:12:14,Saved 969 spikes (Expts 13 22 23) to /bgc/data/icarus/319/ic319.c1.rds.OT.mat
17-Aug-2009 20:19:26,Saved 256 spikes (Expts 16 17) to /bgc/data/icarus/319/ic319.c1.rds.OP.mat
17-Aug-2009 20:19:51,Saved 211 spikes (Expts 18 19) to /bgc/data/icarus/319/ic319.c1.rds.PP.mat
17-Aug-2009 20:20:03,Saved 381 spikes (Expts 28) to /bgc/data/icarus/319/ic319.c1.rds.DT.mat
