10-Jun-2009 14:46:05 Saving index /bgc/data/icarus/208/ic208idx.mat
Cluster set for P1 Expt 82 10-Jun-2009 18:22:59
Cluster set for P1 Expt 82 10-Jun-2009 18:23:12
10-Jun-2009 18:23:14,Saved 457 spikes (Expts 82) to \data\icarus\208\ic108.c1.rds.OT.mat
Cluster set for P1 Expt 87 10-Jun-2009 18:23:34
Cluster set for P1 Expt 88 10-Jun-2009 18:23:47
Cluster set for P1 Expt 88 10-Jun-2009 18:24:00
10-Jun-2009 18:24:03,Saved 927 spikes (Expts 88) to \data\icarus\208\ic208.c1.cylinder.DT.mat
Cluster set for P1 Expt 88 10-Jun-2009 18:24:21
10-Jun-2009 18:24:23,Saved 1049 spikes (Expts 88) to \data\icarus\208\ic208.c1.cylinder.DT.mat
Cluster set for P1 Expt 84 10-Jun-2009 18:24:48
Cluster set for P1 Expt 83 10-Jun-2009 18:24:56
10-Jun-2009 18:25:05,Saved 999 spikes (Expts 83 84) to \data\icarus\208\ic208.c1.rds.OP.mat
Cluster set for P1 Expt 85 10-Jun-2009 18:25:16
10-Jun-2009 18:25:19,Saved 487 spikes (Expts 85) to \data\icarus\208\ic208.c1.rds.PP.mat
Cluster set for P1 Expt 86 10-Jun-2009 18:25:44
10-Jun-2009 18:25:45,Saved 572 spikes (Expts 86) to \data\icarus\208\ic208.c1.cylinder.SZ.mat
Cluster set for P1 Expt 89 10-Jun-2009 18:26:08
Cluster set for P1 Expt 90 10-Jun-2009 18:26:34
10-Jun-2009 18:26:41,Saved 12646 spikes (Expts 89 90) to \data\icarus\208\ic208.c1.cylinder.DT.mat
10-Jun-2009 18:26:56,Saved 12646 spikes (Expts 89 90) to \data\icarus\208\ic208.c1.cylinder.ADT.mat
Cluster set for P1 Expt 88 10-Jun-2009 18:27:14
10-Jun-2009 18:27:15,Saved 1049 spikes (Expts 88) to \data\icarus\208\ic208.c1.cylinder.DT.mat
Cluster set for P1 Expt 73 10-Jun-2009 18:28:35
Cluster set for P1 Expt 74 10-Jun-2009 18:28:58
Cluster set for P1 Expt 76 10-Jun-2009 18:29:14
Cluster set for P1 Expt 73 10-Jun-2009 18:29:36
10-Jun-2009 18:29:38,Saved 2064 spikes (Expts 73 74 76) to \data\icarus\208\ic208.c1.ed20.05.rds.OT.mat
Cluster set for P1 Expt 77 10-Jun-2009 18:30:30
Cluster set for P1 Expt 77 10-Jun-2009 18:30:47
10-Jun-2009 18:30:49,Saved 245 spikes (Expts 77) to \data\icarus\208\ic208.c1.ed19.85.rds.OT.mat
Cluster set for P1 Expt 75 10-Jun-2009 18:31:59
10-Jun-2009 18:32:07,Saved 961 spikes (Expts 75) to \data\icarus\208\ic208.c1.ed20.05.cylinder.DT.mat
Cluster set for P1 Expt 78 10-Jun-2009 18:32:18
Cluster set for P1 Expt 78 10-Jun-2009 18:32:26
10-Jun-2009 18:32:28,Saved 616 spikes (Expts 78) to \data\icarus\208\ic208.c1.ed19.85.cylinder.DT.mat
10-Jun-2009 18:34:31,Saved 30518 spikes (Expts 92 93 94 95) to \data\icarus\208\ic208.c1.cylinder.UADT.mat
15-Jun-2009 10:49:01 Saving index /bgc/data/icarus/208/ic208idx.mat
15-Jun-2009 11:14:07 Saving index /bgc/data/icarus/208/ic208idx.mat
17-Jun-2009 16:47:43 Saving index /data/icarus/208/ic208idx.mat
17-Jun-2009 17:14:43,Saved 0 spikes (Expts 92 93 94) to \data\icarus\208\ic208.c1.cylinder.UADT.mat
22-Jun-2009 10:16:39,Saved 0 spikes (Expts 92 93 94 95) to \data\icarus\208\ic208.c1.cylinder.UADT.mat
