03-Jun-2009 17:08:04 Fixed LFP in Z:\bgc\data\icarus\197\ic197.lfp.mat
03-Jun-2009 17:10:00 Saving index Z:\bgc\data\icarus\197\ic197idx.mat
Cluster set for P1 Expt 41 04-Jun-2009 18:38:12
04-Jun-2009 18:38:28,Saved 1236 spikes (Expts 41) to Z:\data\icarus\197\ic197.c1.rds.OT.mat
Cluster set for P1 Expt 42 04-Jun-2009 18:39:13
04-Jun-2009 18:39:17,Saved 1560 spikes (Expts 42) to Z:\data\icarus\197\ic197.c1.cylinder.DT.mat
Cluster set for P1 Expt 39 04-Jun-2009 18:39:32
04-Jun-2009 18:39:34,Saved 859 spikes (Expts 39) to Z:\data\icarus\197\ic197.c1.rds.OP.mat
Cluster set for P1 Expt 40 04-Jun-2009 18:39:49
04-Jun-2009 18:39:53,Saved 1044 spikes (Expts 40) to Z:\data\icarus\197\ic197.c1.rds.PP.mat
04-Jun-2009 18:42:06,Saved 0 spikes (Expts 45 46 47 48) to Z:\data\icarus\197\ic197.c1.cylinder.UADT.mat
Cluster set for P1 Expt 37 04-Jun-2009 18:42:49
Cluster set for P1 Expt 37 04-Jun-2009 18:42:59
Cluster set for P1 Expt 37 04-Jun-2009 18:43:01
04-Jun-2009 18:43:18,Saved 813 spikes (Expts 37) to Z:\data\icarus\197\ic197.c1.ed18.55.rds.OT.mat
Cluster set for P1 Expt 35 04-Jun-2009 18:43:33
04-Jun-2009 18:43:40,Saved 902 spikes (Expts 35) to Z:\data\icarus\197\ic197.c1.ed18.45.rds.OT.mat
04-Jun-2009 18:43:49,Saved 902 spikes (Expts 35) to Z:\data\icarus\197\ic197.c1.ed18.45.rds.OT.mat
Cluster set for P1 Expt 33 04-Jun-2009 18:44:33
04-Jun-2009 18:44:57,Saved 1401 spikes (Expts 33) to Z:\data\icarus\197\ic197.c1.ed18.35.rds.OT.mat
04-Jun-2009 18:45:20,Saved 1574 spikes (Expts 30) to Z:\data\icarus\197\ic197.c1.ed18.25.rds.OT.mat
Cluster set for P1 Expt 38 04-Jun-2009 18:46:08
Cluster set for P1 Expt 38 04-Jun-2009 18:46:17
Cluster set for P1 Expt 38 04-Jun-2009 18:46:19
04-Jun-2009 18:46:27,Saved 1068 spikes (Expts 38) to Z:\data\icarus\197\ic197.c1.ed18.55.cylinder.DT.mat
Cluster set for P1 Expt 36 04-Jun-2009 18:46:48
04-Jun-2009 18:46:54,Saved 675 spikes (Expts 36) to Z:\data\icarus\197\ic197.c1.ed18.45.cylinder.DT.mat
Cluster set for P1 Expt 34 04-Jun-2009 18:47:09
04-Jun-2009 18:47:18,Saved 1019 spikes (Expts 34) to Z:\data\icarus\197\ic197.c1.ed18.35.cylinder.DT.mat
Cluster set for P1 Expt 32 04-Jun-2009 18:47:43
Cluster set for P1 Expt 32 04-Jun-2009 18:47:49
Cluster set for P1 Expt 32 04-Jun-2009 18:48:02
Cluster set for P1 Expt 32 04-Jun-2009 18:48:47
04-Jun-2009 18:48:53,Saved 887 spikes (Expts 32) to Z:\data\icarus\197\ic197.c1.ed18.25.cylinder.DT.mat
Cluster set for P1 Expt 50 07-Jun-2009 10:16:25
Cluster set for P1 Expt 51 07-Jun-2009 10:16:40
Cluster set for P1 Expt 52 07-Jun-2009 10:17:05
Cluster set for P1 Expt 50 07-Jun-2009 10:17:46
07-Jun-2009 10:18:12,Saved 51730 spikes (Expts 50 51 52) to Z:\data\icarus\197\ic197.c1.cylinder.ADT.mat
17-Jun-2009 16:57:19,Saved 0 spikes (Expts 45 46 47 48) to \data\icarus\197\ic197.c1.cylinder.UADT.mat
