Expt Orthog Offset: rds 2.104 +-2.000 *9. 329-336, nr4at-5.60,-9.56, 2.01x15.00, -45.00 deg. sf1.00tf10 8988055
Dur 3996.57,18000 NF 22 IS 0.40 Framerate 60.00
cm=rf-5.49,-6.09:2.01x1.33,90.0deg  pe120 0.0,-5.0 fx=0.00,f•
props sq0.00 xo-8.23 yo-9.60 wi2.01 hi15.00 or-45.00 sf1.00 tf10.00 dx0.0000 se11004 id8039 bd0.0000 op=+cn+cp+xe+bm+ic 
TrialGood 72: 8868729-8889099 4
cm=noback
mtop=op+do+aa+sq+72+fc+fb+ap+wt+cf+ws+ts+sw+bw+ic+cs+bm+0m+gm+cS+C3

expt: rds et=Op e2=e0
Expt Start: rds type 287 2.10: 2.00x9 ed=17.3300
xExpt2: EXPTYPE_NONE 0.00: 0.02x0
stim 8993647-8997147:329 bG rds0 props sq0.00 xo0.40 yo-9.56 wi2.01 hi15.00 or-45.00 sf1.00 tf10.00 dx0.0000 se11008 id8040 bd0.0000 op=+cn+cp+sc+cd+bm+ic 
props sq0.00 xo-11.60 yo-9.56 wi2.01 hi15.00 or-45.00 sf1.00 tf10.00 dx0.0000 se11012 id8041 bd0.0000 op=+cn+cp+sc+cd+bm+ic 
stim 9016146-9019646:331 bG rds0 props sq0.00 xo-11.60 yo-9.56 wi2.01 hi15.00 or-45.00 sf1.00 tf10.00 dx0.0000 se11016 id8042 bd0.0000 op=+cn+cp+sc+cd+bm+ic 
stim 9020979-9024479:332 bG rds0 props sq0.00 xo-15.60 yo-9.56 wi2.01 hi15.00 or-45.00 sf1.00 tf10.00 dx0.0000 se11020 id8043 bd0.0000 op=+cn+cp+sc+cd+bm+ic 
stim 9025813-9029312:333 bG rds0 props sq0.00 xo-13.60 yo-9.56 wi2.01 hi15.00 or-45.00 sf1.00 tf10.00 dx0.0000 se11024 id8044 bd0.0000 op=+cn+cp+sc+cd+bm+ic 
stim 9030646-9034146:334 bG rds0 props sq0.00 xo-3.60 yo-9.56 wi2.01 hi15.00 or-45.00 sf1.00 tf10.00 dx0.0000 se11028 id8045 bd0.0000 op=+cn+cp+sc+cd+bm+ic 
TrialGood 73: 9015058-9034916 4
stim 9040646-9044146:335 bG rds0 props sq0.00 xo-7.60 yo-9.56 wi2.01 hi15.00 or-45.00 sf1.00 tf10.00 dx0.0000 se11032 id8046 bd0.0000 op=+cn+cp+sc+cd+bm+ic 
stim 9045479-9048979:336 bG rds0 props sq0.00 xo-5.60 yo-9.56 wi2.01 hi15.00 or-45.00 sf1.00 tf10.00 dx0.0000 se11036 id8047 bd0.0000 op=+cn+cp+sc+cd+bm+ic 
Expt Cancelled
cm=rf-5.49,-6.09:2.01x1.33,-45.0deg  pe120 0.0,-5.0 fx=0.00,fy=0.00 
