Expt Disparity : rds 0.000 +-0.200 *9. 103-109, x Expt Orientation: 0.000 +-180.000 *2. 103-109, nr4at-2.45,-5.25, 7.00x7.00, 90.00 deg. sf1.00tf10 9876179
Dur 3500.00,0 NF 22 IS 0.40 Framerate 60.00
cm=rf-2.61,-5.33:cl
props sq0.00 xo-2.45 yo-5.25 wi7.00 hi7.00 or180.00 sf1.00 tf10.00 dx0.2000 se8072 id6661 bd0.0000 op=+cn+cp+sc+cd+bm+ic 
TrialGood 19: 9669777-9689581 4
EndExpt  (9690864)
cm=rf-2.61,-5.33:cl
cm=back=rds,wi=7.99,hi=8.00,ce=1.00,xo=-2.45,yo=1.00,dx=0.00,co=1.00
mtop=op+do+aa+72+fc+fb+ap+wt+cf+ws+ts+sw+bw+ic+cs+bm+0m+gm+x2+cS+C3

expt: rds et=dx e2=or
Expt Start (9876179): rds Disparity  0.00: 0.20x9 ed=17.1000
xExpt2: Orientation 0.00: 180.00x2
stim 9880465-9883965:103 bG rds0 props sq0.00 xo-2.45 yo-5.25 wi7.00 hi7.00 or-90.00 sf1.00 tf10.00 dx0.6000 se8075 id6662 bd0.0000 op=+cn+cp+sc+cd+xe+bm+ic 
stim 9885298-9888798:104 bG rds0 props sq0.00 xo-2.45 yo-5.25 wi7.00 hi7.00 or-90.00 sf1.00 tf10.00 dx-0.6000 se8078 id6663 bd0.0000 op=+cn+cp+sc+cd+xe+bm+ic 
props sq0.00 xo-2.45 yo-5.25 wi7.00 hi7.00 or90.00 sf1.00 tf10.00 dx0.2000 se8081 id6664 bd0.0000 op=+cn+cp+sc+cd+xe+bm+ic 
stim 9904965-9908465:106 bG rds0 props sq0.00 xo-2.45 yo-5.25 wi7.00 hi7.00 or90.00 sf1.00 tf10.00 dx0.2000 se8084 id6665 bd0.0000 op=+cn+cp+sc+cd+xe+bm+ic 
stim 9909798-9913298:107 bG rds0 props sq0.00 xo-2.45 yo-5.25 wi7.00 hi7.00 or-90.00 sf1.00 tf10.00 dx-0.8000 se8087 id6666 bd0.0000 op=+cn+cp+sc+cd+xe+bm+ic 
props sq0.00 xo-2.45 yo-5.25 wi7.00 hi7.00 or-90.00 sf1.00 tf10.00 dx0.8000 se8090 id6667 bd0.0000 op=+cn+cp+sc+cd+xe+bm+ic 
stim 9932297-9935797:109 bG rds0 props sq0.00 xo-2.45 yo-5.25 wi7.00 hi7.00 or-90.00 sf1.00 tf10.00 dx0.8000 se8093 id6668 bd0.0000 op=+cn+cp+sc+cd+xe+bm+ic 
Expt Cancelled
cm=back=rds,wi=7.99,hi=8.00,ce=1.00,xo=-2.45,yo=1.00,dx=0.00,co=1.00
mtop=op+do+aa+72+fc+fb+ap+wt+cf+ws+ts+sw+bw+ic+cs+bm+0m+gm+x2+cS+C3

expt: rds et=dx e2=or
Expt Start (9996195): rds Disparity  0.00: 0.20x9 ed=17.1000
xExpt2: Orientation 90.00: 180.00x2
