02-Sep-2009 15:09:31 Fixed LFP in Z:\bgc\data\icarus\374\ic374.lfp.mat
02-Sep-2009 15:10:46 Saving index Z:\bgc\data\icarus\374\ic374idx.mat
Cluster set for P1 Expt 1 02-Sep-2009 16:37:50
Cluster set for P1 Expt 2 02-Sep-2009 16:37:59
Cluster set for P1 Expt 3 02-Sep-2009 16:38:03
Cluster set for P1 Expt 4 02-Sep-2009 16:38:10
Cluster set for P1 Expt 5 02-Sep-2009 16:38:14
Cluster set for P1 Expt 6 02-Sep-2009 16:38:27
Cluster set for P1 Expt 7 02-Sep-2009 16:38:32
Cluster set for P1 Expt 8 02-Sep-2009 16:38:46
Cluster set for P1 Expt 9 02-Sep-2009 16:38:54
Cluster set for P1 Expt 10 02-Sep-2009 16:39:00
Cluster set for P1 Expt 11 02-Sep-2009 16:39:10
Cluster set for P1 Expt 12 02-Sep-2009 16:39:27
Cluster set for P1 Expt 13 02-Sep-2009 16:39:50
Cluster set for P1 Expt 14 02-Sep-2009 16:40:00
Cluster set for P1 Expt 15 02-Sep-2009 16:40:16
Cluster set for P1 Expt 16 02-Sep-2009 16:40:33
02-Sep-2009 16:40:53,Saved 169 spikes (Expts 1 2) to /bgc/data/icarus/374/ic374.c1.rds.OT.mat
02-Sep-2009 16:41:08,Saved 244 spikes (Expts 4 5) to /bgc/data/icarus/374/ic374.c1.rds.SZ.mat
02-Sep-2009 16:41:27,Saved 665 spikes (Expts 6 7 10 11) to /bgc/data/icarus/374/ic374.c1.rds.DT.mat
02-Sep-2009 16:41:34,Saved 401 spikes (Expts 8 9) to /bgc/data/icarus/374/ic374.c1.cylinder.DT.mat
02-Sep-2009 16:41:54,Saved 6659 spikes (Expts 12 13 14 15 16 17) to /bgc/data/icarus/374/ic374.c1.cylinder.ABD.js.mat
Cluster set for P1 Expt 17 02-Sep-2009 16:42:19
02-Sep-2009 16:42:37,Saved 5714 spikes (Expts 12 13 14 15 16) to /bgc/data/icarus/374/ic374.c1.cylinder.ABD.js.mat
