Expt Orientation: rds 22.500 +-3.000 *8. 291-298, x Expt Orientation: 45.000 +-180.000 *2. 291-298, nr4at-10.05,-6.99, 3.00x20.00, 27.00 deg. sf1.00tf10 3262566
Dur 3826.04,17999 NF 22 IS 0.40 Framerate 60.00
cm=rf-10.00,-6.74:8.50x7.83,5.6deg  pe38 -1,4 fx=0.00,fy=0.0
props sq0.00 xo-10.05 yo-6.99 wi3.00 hi20.00 or-45.00 sf1.00 tf10.00 dx-0.5000 se8795 id6724 bd0.0000 op=+cn+cp+xe+bm+ic 
TrialGood 66: 3167715-3188055 4
cm=noback
mtop=op+do+sq+72+fc+fb+ap+wt+cf+ws+ts+sw+bw+ic+cs+bm+gm+x2+cS+C3

expt: rds et=or e2=or
Expt Start (3262566): rds Orientation 22.50: 3.00x8 ed=13.1500
xExpt2: Orientation 45.00: 180.00x2
stim 3267277-3270777:291 bG rds0 props sq0.00 xo-10.05 yo-6.99 wi3.00 hi20.00 or30.00 sf1.00 tf10.00 dx-0.5000 se8798 id6725 bd0.0000 op=+cn+cp+sc+cd+xe+bm+ic 
stim 3272110-3275610:292 bG rds0 props sq0.00 xo-10.05 yo-6.99 wi3.00 hi20.00 or21.00 sf1.00 tf10.00 dx-0.5000 se8801 id6726 bd0.0000 op=+cn+cp+sc+cd+xe+bm+ic 
stim 3276943-3280443:293 bG rds0 props sq0.00 xo-10.05 yo-6.99 wi3.00 hi20.00 or24.00 sf1.00 tf10.00 dx-0.5000 se8804 id6727 bd0.0000 op=+cn+cp+sc+cd+xe+bm+ic 
stim 3281777-3285276:294 bG rds0 props sq0.00 xo-10.05 yo-6.99 wi3.00 hi20.00 or15.00 sf1.00 tf10.00 dx-0.5000 se8807 id6728 bd0.0000 op=+cn+cp+sc+cd+xe+bm+ic 
TrialGood 67: 3266123-3286052 4
stim 3291943-3295443:295 bG rds0 props sq0.00 xo-10.05 yo-6.99 wi3.00 hi20.00 or24.00 sf1.00 tf10.00 dx-0.5000 se8810 id6729 bd0.0000 op=+cn+cp+sc+cd+xe+bm+ic 
stim 3296776-3300276:296 bG rds0 props sq0.00 xo-10.05 yo-6.99 wi3.00 hi20.00 or27.00 sf1.00 tf10.00 dx-0.5000 se8813 id6730 bd0.0000 op=+cn+cp+sc+cd+xe+bm+ic 
stim 3301609-3305109:297 bG rds0 props sq0.00 xo-10.05 yo-6.99 wi3.00 hi20.00 or33.00 sf1.00 tf10.00 dx-0.5000 se8816 id6731 bd0.0000 op=+cn+cp+sc+cd+xe+bm+ic 
stim 3306276-3309776:298 bG rds0 props sq0.00 xo-10.05 yo-6.99 wi3.00 hi20.00 or27.00 sf1.00 tf10.00 dx-0.5000 se8819 id6732 bd0.0000 op=+cn+cp+sc+cd+xe+bm+ic 
Expt Cancelled
cm=rf-10.00,-6.74:8.50x7.83,-45.0deg  pe38 -1,4 fx=0.00,fy=0.00 
