Cluster set for P1 Expt 15 10-Jun-2009 16:52:34
Cluster set for P1 Expt 15 10-Jun-2009 16:52:56
Cluster set for P1 Expt 15 10-Jun-2009 16:53:07
10-Jun-2009 16:53:09,Saved 4122 spikes (Expts 15) to \data\icarus\203\ic103.c1.rds.OT.mat
Cluster set for P1 Expt 16 10-Jun-2009 16:53:27
10-Jun-2009 16:53:29,Saved 4334 spikes (Expts 16) to \data\icarus\203\ic203.c1.cylinder.DT.mat
Cluster set for P1 Expt 13 10-Jun-2009 16:53:43
10-Jun-2009 16:53:46,Saved 4653 spikes (Expts 13) to \data\icarus\203\ic203.c1.rds.OP.mat
Cluster set for P1 Expt 14 10-Jun-2009 16:54:04
10-Jun-2009 16:54:07,Saved 5324 spikes (Expts 14) to \data\icarus\203\ic203.c1.rds.PP.mat
Cluster set for P1 Expt 17 10-Jun-2009 16:54:20
10-Jun-2009 16:54:22,Saved 4025 spikes (Expts 17) to \data\icarus\203\ic203.c1.cylinder.SZ.mat
Cluster set for P1 Expt 22 10-Jun-2009 16:55:09
Cluster set for P1 Expt 21 10-Jun-2009 16:55:17
Cluster set for P1 Expt 21 10-Jun-2009 16:55:28
10-Jun-2009 16:55:38,Saved 20077 spikes (Expts 21 22) to \data\icarus\203\ic203.c1.cylinder.ADT.mat
Cluster set for P1 Expt 3 10-Jun-2009 16:56:04
10-Jun-2009 16:56:30,Saved 2776 spikes (Expts 3) to \data\icarus\203\ic203.c1.ed15.70.rds.OT.mat
Cluster set for P1 Expt 5 10-Jun-2009 16:56:52
Cluster set for P1 Expt 5 10-Jun-2009 16:57:01
Cluster set for P1 Expt 5 10-Jun-2009 16:57:05
10-Jun-2009 16:57:13,Saved 3468 spikes (Expts 5) to \data\icarus\203\ic203.c1.ed15.80.rds.OT.mat
Cluster set for P1 Expt 7 10-Jun-2009 16:57:53
Cluster set for P1 Expt 7 10-Jun-2009 16:58:44
10-Jun-2009 16:58:51,Saved 3252 spikes (Expts 7) to \data\icarus\203\ic203.c1.ed15.90.rds.OT.mat
Cluster set for P1 Expt 9 10-Jun-2009 16:59:27
Cluster set for P1 Expt 9 10-Jun-2009 16:59:36
Cluster set for P1 Expt 9 10-Jun-2009 16:59:45
Cluster set for P1 Expt 10 10-Jun-2009 16:59:52
10-Jun-2009 17:00:08,Saved 7870 spikes (Expts 9 10) to \data\icarus\203\ic203.c1.ed16.00.rds.OT.mat
Cluster set for P1 Expt 11 10-Jun-2009 17:00:38
Cluster set for P1 Expt 11 10-Jun-2009 17:00:49
10-Jun-2009 17:00:52,Saved 4445 spikes (Expts 11) to \data\icarus\203\ic203.c1.ed16.00.cylinder.DT.mat
Cluster set for P1 Expt 8 10-Jun-2009 17:01:09
10-Jun-2009 17:01:18,Saved 4095 spikes (Expts 8) to \data\icarus\203\ic203.c1.ed15.90.cylinder.DT.mat
Cluster set for P1 Expt 6 10-Jun-2009 17:01:29
10-Jun-2009 17:01:35,Saved 4188 spikes (Expts 6) to \data\icarus\203\ic203.c1.ed15.80.cylinder.DT.mat
Cluster set for P1 Expt 4 10-Jun-2009 17:01:45
10-Jun-2009 17:01:52,Saved 2826 spikes (Expts 4) to \data\icarus\203\ic203.c1.ed15.70.cylinder.DT.mat
10-Jun-2009 17:03:19,Saved 0 spikes (Expts 23 24 26 27) to \data\icarus\203\ic203.c1.cylinder.UADT.mat
17-Jun-2009 16:04:28 Saving index /data/icarus/203/ic203idx.mat
17-Jun-2009 17:08:27,Saved 0 spikes (Expts 23 24 26 27) to \data\icarus\203\ic203.c1.cylinder.UADT.mat
