23-Jul-2009 17:11:02 Fixed LFP in Z:\bgc\data\icarus\276\ic276.lfp.mat
23-Jul-2009 17:11:28 Saving index Z:\bgc\data\icarus\276\ic276idx.mat
Cluster set for P1 Expt 3 23-Jul-2009 17:37:32
Cluster set for P1 Expt 8 23-Jul-2009 17:37:36
Cluster set for P1 Expt 8 23-Jul-2009 17:37:40
23-Jul-2009 17:37:47,Saved 1376 spikes (Expts 3 8) to Z:\data\icarus\276\ic276.c1.rds.OT.mat
Cluster set for P1 Expt 4 23-Jul-2009 17:37:54
23-Jul-2009 17:37:56,Saved 524 spikes (Expts 4) to Z:\data\icarus\276\ic276.c1.rds.PP.mat
Cluster set for P1 Expt 5 23-Jul-2009 17:38:06
23-Jul-2009 17:38:09,Saved 402 spikes (Expts 5) to Z:\data\icarus\276\ic276.c1.rds.OP.mat
Cluster set for P1 Expt 6 23-Jul-2009 17:38:18
Cluster set for P1 Expt 7 23-Jul-2009 17:38:21
Cluster set for P1 Expt 9 23-Jul-2009 17:38:24
Cluster set for P1 Expt 10 23-Jul-2009 17:38:26
23-Jul-2009 17:39:08,Saved 1248 spikes (Expts 9 10) to Z:\data\icarus\276\ic276.c1.cylinder.DT.mat
23-Jul-2009 17:39:54,Saved 1376 spikes (Expts 3 8) to Z:\data\icarus\276\ic276.c1.rds.OT.mat
Cluster set for P1 Expt 11 23-Jul-2009 17:40:06
23-Jul-2009 17:40:10,Saved 583 spikes (Expts 11) to Z:\data\icarus\276\ic276.c1.cylinder.SZ.mat
Cluster set for P1 Expt 12 23-Jul-2009 17:40:52
23-Jul-2009 17:40:55,Saved 4019 spikes (Expts 12) to Z:\data\icarus\276\ic276.c1.cylinder.DPI.mat
Cluster set for P1 Expt 13 23-Jul-2009 17:41:03
23-Jul-2009 17:41:05,Saved 1316 spikes (Expts 13) to Z:\data\icarus\276\ic276.c1.rds.DT.mat
Cluster set for P1 Expt 14 23-Jul-2009 17:41:19
23-Jul-2009 17:41:21,Saved 774 spikes (Expts 14) to Z:\data\icarus\276\ic276.c1.rds.SZ.mat
23-Jul-2009 17:41:38,Saved 1217 spikes (Expts 6 7) to Z:\data\icarus\276\ic276.c1.cylinder.DT.mat
