Expt Orthog Offset: rds -0.138 +-2.000 *9. 184-191, x Expt Orientation: -45.000 +-180.000 *2. 184-191, nr4at-7.40,-9.12, 2.01x20.00, 45.00 deg. sf1.00tf10 2279781
Dur 3769.08,18000 NF 22 IS 0.40 Framerate 60.00
cm=rf-10.07,-6.33:10.77x8.39,-135.0degcl
props sq0.00 xo-10.23 yo-6.29 wi2.01 hi20.00 or-135.00 sf1.00 tf10.00 dx0.6000 se9588 id7044 bd0.0000 op=+cn+cp+xe+bm+ic 
TrialGood 42: 2252365-2272731 4
cm=noback
mtop=op+do+aa+sq+72+fc+fb+ap+wt+cf+ws+ts+sw+bw+ic+cs+bm+0m+gm+x2+cS+C3

expt: rds et=Op e2=or
Expt Start: rds type 287 -0.14: 2.00x9 ed=16.0600
xExpt2: Orientation -45.00: 180.00x2
stim 2282287-2285787:184 bG rds0 props sq0.00 xo-14.47 yo-2.05 wi2.01 hi20.00 or-135.00 sf1.00 tf10.00 dx0.6000 se9592 id7045 bd0.0000 op=+cn+cp+sc+cd+xe+bm+ic 
stim 2287121-2290621:185 bG rds0 props sq0.00 xo-15.88 yo-0.63 wi2.01 hi20.00 or45.00 sf1.00 tf10.00 dx0.6000 se9596 id7046 bd0.0000 op=+cn+cp+sc+cd+xe+bm+ic 
props sq0.00 xo-5.98 yo-10.53 wi2.01 hi20.00 or-135.00 sf1.00 tf10.00 dx0.6000 se9600 id7047 bd0.0000 op=+cn+cp+sc+cd+xe+bm+ic 
stim 2308953-2312453:187 bG rds0 props sq0.00 xo-5.98 yo-10.53 wi2.01 hi20.00 or-135.00 sf1.00 tf10.00 dx0.6000 se9604 id7048 bd0.0000 op=+cn+cp+sc+cd+xe+bm+ic 
stim 2313787-2317286:188 bG none0 props sq0.00 xo-10.23 yo-6.29 wi2.01 hi20.00 or-135.00 sf1.00 tf10.00 dx0.6000 se9608 id7049 bd0.0000 op=+cn+cp+sc+cd+xe+bm+ic 
stim 2318620-2322120:189 bG rds0 props sq0.00 xo-8.81 yo-7.70 wi2.01 hi20.00 or45.00 sf1.00 tf10.00 dx0.6000 se9612 id7050 bd0.0000 op=+cn+cp+sc+cd+xe+bm+ic 
stim 2323453-2326953:190 bG rds0 props sq0.00 xo-5.98 yo-10.53 wi2.01 hi20.00 or45.00 sf1.00 tf10.00 dx0.6000 se9616 id7051 bd0.0000 op=+cn+cp+sc+cd+xe+bm+ic 
TrialGood 43: 2307905-2327730 4
props sq0.00 xo-7.40 yo-9.12 wi2.01 hi20.00 or45.00 sf1.00 tf10.00 dx0.6000 se9620 id7052 bd0.0000 op=+cn+cp+sc+cd+xe+bm+ic 
Expt Cancelled
cm=noback
mtop=op+do+aa+sq+72+fc+fb+ap+wt+cf+ws+ts+sw+bw+ic+cs+bm+0m+gm+cS+C3

expt: rds et=Op e2=e0
Expt Start: rds type 287 -0.14: 2.00x9 ed=16.0600
xExpt2: EXPTYPE_NONE -45.00: 180.00x0
