Expt Y offset: rds 0.000 +-3.000 *9. 451-462, nr4at-9.64,-9.00, 15.01x3.00, 0.00 deg. sf1.00tf10 8308223
Dur 3566.62,13166 NF 22 IS 0.40 Framerate 60.00
cm=rf-9.64,-6.25:14.79x9.95,-135.0deg  pe128 0.0,-6.0 fx=0.0<
props sq0.00 xo-9.64 yo-6.00 wi15.01 hi3.00 or0.00 sf1.00 tf10.00 dx0.1500 se16350 id10611 bd0.0000 op=+cn+cp+sc+cd+bm+ic 
TrialGood 94: 8232182-8252559 4
cm=rf-9.64,-6.25:14.79x9.95,-135.0deg  pe128 0.0,-6.0 fx=0.00,fy=0.00 
cm=noback
mtop=op+do+aa+sq+72+fc+fb+ap+wt+cf+ws+ts+sw+bw+ic+cs+bm+0m+gm+cS+C3+CF

expt: rds et=yo e2=e0
Expt Start (8308223): rds Y offset 0.00: 3.00x9 ed=19.8700
xExpt2: EXPTYPE_NONE 90.00: 180.00x0
stim 8312786-8316286:451 bG rds0 props sq0.00 xo-9.64 yo-9.00 wi15.01 hi3.00 or0.00 sf1.00 tf10.00 dx0.1500 se16354 id10612 bd0.0000 op=+cn+cp+sc+cd+bm+ic 
stim 8317619-8321119:452 bG none0 props sq0.00 xo-9.64 yo0.00 wi15.01 hi3.00 or0.00 sf1.00 tf10.00 dx0.1500 se16358 id10613 bd0.0000 op=+cn+cp+sc+cd+bm+ic 
stim 8322452-8325952:453 bG rds0 props sq0.00 xo-9.64 yo-12.00 wi15.01 hi3.00 or0.00 sf1.00 tf10.00 dx0.1500 se16362 id10614 bd0.0000 op=+cn+cp+sc+cd+bm+ic 
stim 8338785-8342285:454 bG rds0 props sq0.00 xo-9.64 yo9.00 wi15.01 hi3.00 or0.00 sf1.00 tf10.00 dx0.1500 se16370 id10616 bd0.0000 op=+cn+cp+sc+cd+bm+ic 
TrialGood 95: 8337751-8343056 1
stim 8348951-8352451:455 bG rds0 props sq0.00 xo-9.64 yo6.00 wi15.01 hi3.00 or0.00 sf1.00 tf10.00 dx0.1500 se16374 id10617 bd0.0000 op=+cn+cp+sc+cd+bm+ic 
stim 8353785-8357285:456 bG rds0 props sq0.00 xo-9.64 yo0.00 wi15.01 hi3.00 or0.00 sf1.00 tf10.00 dx0.1500 se16378 id10618 bd0.0000 op=+cn+cp+sc+cd+bm+ic 
stim 8358618-8362118:457 bG rds0 props sq0.00 xo-9.64 yo3.00 wi15.01 hi3.00 or0.00 sf1.00 tf10.00 dx0.1500 se16382 id10619 bd0.0000 op=+cn+cp+sc+cd+bm+ic 
stim 8363451-8366951:458 bG rds0 props sq0.00 xo-9.64 yo-3.00 wi15.01 hi3.00 or0.00 sf1.00 tf10.00 dx0.1500 se16386 id10620 bd0.0000 op=+cn+cp+sc+cd+bm+ic 
TrialGood 96: 8347821-8367723 4
stim 8373451-8376951:459 bG rds0 props sq0.00 xo-9.64 yo-6.00 wi15.01 hi3.00 or0.00 sf1.00 tf10.00 dx0.1500 se16390 id10621 bd0.0000 op=+cn+cp+sc+cd+bm+ic 
stim 8378284-8381784:460 bG rds0 props sq0.00 xo-9.64 yo12.00 wi15.01 hi3.00 or0.00 sf1.00 tf10.00 dx0.1500 se16394 id10622 bd0.0000 op=+cn+cp+sc+cd+bm+ic 
stim 8383117-8386617:461 bG rds0 props sq0.00 xo-9.64 yo-12.00 wi15.01 hi3.00 or0.00 sf1.00 tf10.00 dx0.1500 se16398 id10623 bd0.0000 op=+cn+cp+sc+cd+bm+ic 
stim 8387951-8391451:462 bG rds0 props sq0.00 xo-9.64 yo-9.00 wi15.01 hi3.00 or0.00 sf1.00 tf10.00 dx0.1500 se16402 id10624 bd0.0000 op=+cn+cp+sc+cd+bm+ic 
TrialGood 97: 8372404-8392223 4
Expt Cancelled
cm=noback
mtop=op+do+aa+sq+72+fc+fb+ap+wt+cf+ws+ts+sw+bw+ic+cs+bm+0m+gm+cS+C3+CF

expt: none et=xo e2=e0
Expt Start (8454859): none X offset -9.64: 3.00x9 ed=19.8700
xExpt2: EXPTYPE_NONE 90.00: 180.00x0
