Expt Orthog Offset: rds -0.180 +-1.500 *9. 323-328, x Expt Orientation: 45.000 +-180.000 *2. 323-328, nr4at-5.45,-9.58, 2.01x15.00, 135.00 deg. sf1.00tf10 8962660
Dur 3882.18,0 NF 22 IS 0.40 Framerate 60.00
cm=rf-2.18,-6.23:3.29x3.93,-45.0deg  pe84 1,-5 fx=0.00,fy=0.
props sq0.00 xo-2.27 yo-6.40 wi2.01 hi15.00 or-45.00 sf1.00 tf10.00 dx0.4000 se8681 id6787 bd0.0000 op=+cn+cp+xe+bm+ic 
TrialGood 64: 8889213-8909515 4
cm=noback
mtop=op+do+sq+72+fc+fb+ap+wt+cf+ws+ts+sw+bw+ic+cs+bm+gm+x2+cS+C3

expt: rds et=Op e2=or
Expt Start: rds type 286 -0.18: 1.50x9 ed=18.3200
xExpt2: Orientation 45.00: 180.00x2
stim 8968235-8971735:323 bG rds0 props sq0.00 xo0.91 yo-3.22 wi2.01 hi15.00 or-45.00 sf1.00 tf10.00 dx0.4000 se8684 id6788 bd0.0000 Op1.63 op=+cn+cp+sc+cd+xe+bm+ic 
stim 8973068-8976568:324 bG rds0 props sq0.00 xo-0.15 yo-4.28 wi2.01 hi15.00 or135.00 sf1.00 tf10.00 dx0.4000 se8687 id6789 bd0.0000 op=+cn+cp+sc+cd+xe+bm+ic 
props sq0.00 xo-4.39 yo-8.52 wi2.01 hi15.00 or135.00 sf1.00 tf10.00 dx0.4000 se8690 id6790 bd0.0000 op=+cn+cp+sc+cd+xe+bm+ic 
stim 8992901-8996401:326 bG rds0 props sq0.00 xo-4.39 yo-8.52 wi2.01 hi15.00 or135.00 sf1.00 tf10.00 dx0.4000 se8693 id6791 bd0.0000 op=+cn+cp+sc+cd+xe+bm+ic 
stim 8997735-9001235:327 bG rds0 props sq0.00 xo-6.51 yo-10.64 wi2.01 hi15.00 or-45.00 sf1.00 tf10.00 dx0.4000 se8696 id6792 bd0.0000 op=+cn+cp+sc+cd+xe+bm+ic 
props sq0.00 xo-5.45 yo-9.58 wi2.01 hi15.00 or135.00 sf1.00 tf10.00 dx0.4000 se8699 id6793 bd0.0000 op=+cn+cp+sc+cd+xe+bm+ic 
Expt Cancelled
cm=noback
mtop=op+do+sq+72+fc+fb+ap+wt+cf+ws+ts+sw+bw+ic+cs+bm+gm+cS+C3

expt: rds et=Op e2=e0
Expt Start: rds type 286 -0.18: 1.50x9 ed=18.3200
xExpt2: EXPTYPE_NONE 45.00: 180.00x0
