#Combined into ic083.0.rds.XP.lst from ./ic083.0.rds.XPa.dat
Clearclusters
Cluster1 en6:23.13,53.49 ve6:12.49,21.77 pairen,ve,0.000000
#Set by ceb on Wed Mar  7 18:07:11 2007

Expt X offset: rds 22.500 +-45.000 *8. 0-7, nr4at-2.27,-6.40, 10.00x10.00, 3.55 deg. sf1.00tf10 1583707561
Dur 4000.00,18499 NF 22 IS 0.40 Framerate 60.00
UFF ic083.0 Created 7/3/2007 13:27 as ic0081.0 by v4.51 replay version 1.41 Rev $Revision: 1.55 $
expt: rds et=xo e2=e0
Expt Start (1583707561): rds X offset -4.27: 2.00x13 ed=0.0000
xExpt2: EXPTYPE_NONE 0.00: 0.00x0
cm=rf-2.18,-6.23:3.29x3.93,0.0deg  pe84 1,-5 fx=0.00,fy=0.00 
CR sampling 1136363.62Hz
stim 5158330-5162330:0 bG rds0 props sq0.00 xo-2.27 yo-6.40 wi10.00 hi10.00 or3.55 sf1.00 tf10.00 dx0.8000 se8075 id6484 bd0.0000 op=+cn+cp 
stim 5163163-5167163:1 bG rds0 props sq0.00 xo-2.27 yo-6.40 wi10.00 hi10.00 or3.55 sf1.00 tf10.00 dx0.8000 se8075 id6484 bd0.0000 op=+cn+cp 
stim 5167996-5171997:2 bG rds0 props sq0.00 xo-2.27 yo-6.40 wi10.00 hi10.00 or3.55 sf1.00 tf10.00 dx0.8000 se8075 id6484 bd0.0000 op=+cn+cp 
stim 5172830-5176829:3 bG rds0 props sq0.00 xo-2.27 yo-6.40 wi10.00 hi10.00 or3.55 sf1.00 tf10.00 dx0.8000 se8075 id6484 bd0.0000 op=+cn+cp 
TrialGood 0: 5157196-5177599 4
stim 5208329-5212329:4 bG rds0 props sq0.00 xo-2.27 yo-6.40 wi10.00 hi10.00 or3.55 sf1.00 tf10.00 dx0.8000 se8075 id6484 bd0.0000 op=+cn+cp 
stim 5213162-5217162:5 bG rds0 props sq0.00 xo-2.27 yo-6.40 wi10.00 hi10.00 or3.55 sf1.00 tf10.00 dx0.8000 se8075 id6484 bd0.0000 op=+cn+cp 
stim 5217995-5221995:6 bG rds0 props sq0.00 xo-2.27 yo-6.40 wi10.00 hi10.00 or3.55 sf1.00 tf10.00 dx0.8000 se8075 id6484 bd0.0000 op=+cn+cp 
stim 5222828-5226828:7 bG rds0 props sq0.00 xo-2.27 yo-6.40 wi10.00 hi10.00 or3.55 sf1.00 tf10.00 dx0.8000 se8075 id6484 bd0.0000 op=+cn+cp 
TrialGood 1: 5207194-5227598 4
cm=back=rds,wi=11.00,hi=11.00,ce=1.00,xo=-2.27,yo=1.00,dx=0.00,co=1.00
mtop=op+do+72+fc+fb+ap+wt+cf+ws+ts+sw+bw+ic+cs+bm+gm+cS+C3

Error! Experiment started without stopping, trial 8

expt: rds et=or e2=e0
Expt Start (5585495): rds Orientation 22.50: 45.00x8 ed=18.3200
xExpt2: EXPTYPE_NONE 0.00: 0.00x0
