Expt Size (H and W): rds 14.991 +-0.500 *5. 4618-4629, nr10at-5.55,-8.25, 15.98x15.99, 80.00 deg. sf3.00tf10 57097704
Dur 4000.08,16444 NF 25 IS 0.40 Framerate 60.00
cm=rf-5.53,-7.23:12.92x12.23,80.0deg  pe78 -2,-4 fx=0.00,fy=
props sq0.00 xo-5.55 yo-8.25 wi14.50 hi14.49 or80.00 sf3.00 tf10.00 dx-0.1000 se151815 id11270 bd-0.2000 sz14.50 op=+cn+cp+sc+cd+bm+ic 
Expt Cancelled
cm=noback
mtop=op+do+sq+72+fc+fb+ap+wt+cf+ws+ts+sw+bw+ic+cs+bm+gm+sp+da+cS+C3

expt: rds et=sz e2=e0
Expt Start (57097704): rds Size (H and W) 14.99: 0.50x5 ed=13.2700
xExpt2: EXPTYPE_NONE 170.00: 180.00x0
stim 57102288-57106288:4618 bG rds0 props sq0.00 xo-5.55 yo-8.25 wi13.98 hi13.99 or80.00 sf3.00 tf10.00 dx-0.2000 se151867 id11272 bd-0.2000 sz13.98 op=+cn+cp+sc+cd+bm+ic 
stim 57107622-57111622:4619 bG rds0 props sq0.00 xo-5.55 yo-8.25 wi14.98 hi14.99 or80.00 sf3.00 tf10.00 dx-0.2000 se151918 id11273 bd-0.2000 sz14.99 op=+cn+cp+sc+cd+bm+ic 
TrialGood 1193: 57101198-57112388 2
stim 57118288-57122288:4620 bG rds0 props sq0.00 xo-5.55 yo-8.25 wi15.50 hi15.49 or80.00 sf3.00 tf10.00 dx-0.2000 se151969 id11274 bd-0.2000 sz15.49 op=+cn+cp+sc+cd+bm+ic 
stim 57123621-57127621:4621 bG rds0 props sq0.00 xo-5.55 yo-8.25 wi14.50 hi14.49 or80.00 sf3.00 tf10.00 dx-0.2000 se152020 id11275 bd-0.2000 sz14.50 op=+cn+cp+sc+cd+bm+ic 
stim 57128955-57132955:4622 bG rds0 props sq0.00 xo-5.55 yo-8.25 wi15.98 hi15.99 or80.00 sf3.00 tf10.00 dx-0.2000 se152071 id11276 bd-0.2000 sz15.98 op=+cn+cp+sc+cd+bm+ic 
stim 57134287-57138287:4623 bG none0 props sq0.00 xo-5.55 yo-8.25 wi14.98 hi14.99 or80.00 sf3.00 tf10.00 dx-0.2000 se152122 id11277 bd-0.2000 sz14.99 op=+cn+cp+sc+cd+bm+ic 
TrialGood 1194: 57117189-57139054 4
stim 57144954-57148954:4624 bG rds0 props sq0.00 xo-5.55 yo-8.25 wi13.98 hi13.99 or80.00 sf3.00 tf10.00 dx-0.2000 se152123 id11278 bd-0.2000 sz13.98 op=+cn+cp+sc+cd+bm+ic 
stim 57150287-57154287:4625 bG none0 props sq0.00 xo-5.55 yo-8.25 wi14.98 hi14.99 or80.00 sf3.00 tf10.00 dx-0.2000 se152174 id11279 bd-0.2000 sz14.99 op=+cn+cp+sc+cd+bm+ic 
stim 57155620-57159620:4626 bG rds0 props sq0.00 xo-5.55 yo-8.25 wi14.98 hi14.99 or80.00 sf3.00 tf10.00 dx-0.2000 se152175 id11280 bd-0.2000 sz14.99 op=+cn+cp+sc+cd+bm+ic 
stim 57160953-57164954:4627 bG rds0 props sq0.00 xo-5.55 yo-8.25 wi14.50 hi14.49 or80.00 sf3.00 tf10.00 dx-0.2000 se152226 id11281 bd-0.2000 sz14.50 op=+cn+cp+sc+cd+bm+ic 
TrialGood 1195: 57143914-57165719 4
stim 57171453-57175453:4628 bG rds0 props sq0.00 xo-5.55 yo-8.25 wi13.98 hi13.99 or80.00 sf3.00 tf10.00 dx-0.2000 se152277 id11282 bd-0.2000 sz13.98 op=+cn+cp+sc+cd+bm+ic 
stim 57176786-57180786:4629 bG rds0 props sq0.00 xo-5.55 yo-8.25 wi15.98 hi15.99 or80.00 sf3.00 tf10.00 dx-0.2000 se152328 id11283 bd-0.2000 sz15.98 op=+cn+cp+sc+cd+bm+ic 
Expt Cancelled
cm=noback
mtop=op+do+sq+72+fc+fb+ap+wt+cf+ws+ts+sw+bw+ic+cs+bm+gm+sp+da+cS+C3

expt: rds et=sz e2=e0
Expt Start (57269157): rds Size (H and W) 9.00: 2.00x5 ed=13.2700
xExpt2: EXPTYPE_NONE 170.00: 180.00x0
