02-Jul-2009 17:02:51 Fixed LFP in Z:\bgc\data\icarus\238\ic238.lfp.mat
02-Jul-2009 17:03:11 Saving index Z:\bgc\data\icarus\238\ic238idx.mat
Cluster set for P1 Expt 1 02-Jul-2009 17:24:44
Cluster set for P1 Expt 2 02-Jul-2009 17:25:31
02-Jul-2009 17:25:54,Saved 279 spikes (Expts 1 2) to Z:\data\icarus\238\ic238.c1.rds.XO.mat
Cluster set for P1 Expt 5 02-Jul-2009 17:26:19
Cluster set for P1 Expt 4 02-Jul-2009 17:31:35
Cluster set for P1 Expt 5 02-Jul-2009 17:31:41
02-Jul-2009 17:31:56,Saved 370 spikes (Expts 4 5) to tmp.mat
Cluster set for P1 Expt 6 02-Jul-2009 17:32:22
Cluster set for P1 Expt 7 02-Jul-2009 17:32:30
Cluster set for P1 Expt 9 02-Jul-2009 17:32:34
Cluster set for P1 Expt 10 02-Jul-2009 17:32:41
Cluster set for P1 Expt 11 02-Jul-2009 17:33:26
02-Jul-2009 17:33:47,Saved 966 spikes (Expts 6 7 9 10 11) to Z:\data\icarus\238\ic238.c1.rds.OT.mat
Cluster set for P1 Expt 8 02-Jul-2009 17:33:54
02-Jul-2009 17:34:00,Saved 529 spikes (Expts 8) to Z:\data\icarus\238\ic238.c1.rds.DT.mat
02-Jul-2009 17:34:35,Saved 529 spikes (Expts 8) to Z:\data\icarus\238\ic238.c1.rds.OP.mat
02-Jul-2009 17:35:02,Saved 370 spikes (Expts 4 5) to tmp.mat
Cluster set for P1 Expt 15 02-Jul-2009 17:35:21
Cluster set for P1 Expt 14 02-Jul-2009 17:35:25
02-Jul-2009 17:35:32,Saved 427 spikes (Expts 14 15) to Z:\data\icarus\238\ic238.c1.rds.PP.mat
02-Jul-2009 17:35:55,Saved 966 spikes (Expts 6 7 9 10 11) to Z:\data\icarus\238\ic238.c1.rds.OT.mat
Cluster set for P1 Expt 17 02-Jul-2009 17:36:25
Cluster set for P1 Expt 18 02-Jul-2009 17:36:40
Cluster set for P1 Expt 16 02-Jul-2009 17:39:43
02-Jul-2009 17:39:56,Saved 351 spikes (Expts 16 17 18) to Z:\data\icarus\238\ic238.c1.cylinder.DT.mat
02-Jul-2009 17:40:05,Saved 351 spikes (Expts 16 17 18) to Z:\data\icarus\238\ic238.c1.cylinder.DT.mat
