13-Jun-2009 15:33:30 Fixed LFP in Z:\bgc\data\icarus\215\ic215.lfp.mat
13-Jun-2009 15:35:48 Saving index Z:\bgc\data\icarus\215\ic215idx.mat
15-Jun-2009 07:52:07,Saved 0 spikes (Expts 57 58) to \data\icarus\215\ic115.c1.cylinder.UADT.mat
Cluster set for P1 Expt 48 15-Jun-2009 07:53:56
Cluster set for P1 Expt 51 15-Jun-2009 07:54:09
Cluster set for P1 Expt 61 15-Jun-2009 07:54:21
15-Jun-2009 07:54:33,Saved 4125 spikes (Expts 51 61) to \data\icarus\215\ic115.c1.rds.OT.mat
Cluster set for P1 Expt 47 15-Jun-2009 07:55:24
15-Jun-2009 07:55:28,Saved 2359 spikes (Expts 52) to \data\icarus\215\ic215.c1.cylinder.DT.mat
Cluster set for P1 Expt 54 15-Jun-2009 08:23:28
Cluster set for P1 Expt 53 15-Jun-2009 08:23:40
Cluster set for P1 Expt 53 15-Jun-2009 08:24:02
Cluster set for P1 Expt 53 15-Jun-2009 08:24:13
Cluster set for P1 Expt 55 15-Jun-2009 08:24:45
Cluster set for P1 Expt 55 15-Jun-2009 08:25:00
15-Jun-2009 08:25:50,Saved 34258 spikes (Expts 54 55 56) to \data\icarus\215\ic215.c1.cylinder.ADT.mat
Cluster set for P1 Expt 49 15-Jun-2009 14:54:58
Cluster set for P1 Expt 49 15-Jun-2009 14:55:09
15-Jun-2009 14:55:11,Saved 1532 spikes (Expts 49) to \data\icarus\215\ic115.c1.rds.OP.mat
Cluster set for P1 Expt 50 15-Jun-2009 14:55:26
15-Jun-2009 14:55:28,Saved 2429 spikes (Expts 50) to \data\icarus\215\ic215.c1.rds.PP.mat
Cluster set for P1 Expt 46 15-Jun-2009 14:56:01
Cluster set for P1 Expt 46 15-Jun-2009 14:56:16
15-Jun-2009 14:56:18,Saved 1859 spikes (Expts 46) to \data\icarus\215\ic215.c1.ed17.30.rds.OT.mat
Cluster set for P1 Expt 43 15-Jun-2009 14:56:34
15-Jun-2009 14:56:39,Saved 1564 spikes (Expts 43) to \data\icarus\215\ic215.c1.ed17.20.rds.OT.mat
Cluster set for P1 Expt 41 15-Jun-2009 14:57:45
15-Jun-2009 14:57:52,Saved 2380 spikes (Expts 41) to \data\icarus\215\ic215.c1.ed17.10.rds.OT.mat
Cluster set for P1 Expt 39 15-Jun-2009 14:58:41
15-Jun-2009 14:58:46,Saved 2676 spikes (Expts 39) to \data\icarus\215\ic215.c1.ed17.00.rds.OT.mat
Cluster set for P1 Expt 47 15-Jun-2009 14:59:06
Cluster set for P1 Expt 47 15-Jun-2009 14:59:17
15-Jun-2009 14:59:19,Saved 2569 spikes (Expts 47) to \data\icarus\215\ic215.c1.ed17.30.cylinder.DT.mat
Cluster set for P1 Expt 45 15-Jun-2009 14:59:32
15-Jun-2009 14:59:36,Saved 2137 spikes (Expts 45) to \data\icarus\215\ic215.c1.ed17.20.cylinder.DT.mat
Cluster set for P1 Expt 42 15-Jun-2009 15:00:03
15-Jun-2009 15:00:08,Saved 2220 spikes (Expts 42) to \data\icarus\215\ic215.c1.ed17.10.cylinder.DT.mat
Cluster set for P1 Expt 40 15-Jun-2009 15:00:32
15-Jun-2009 15:00:37,Saved 2762 spikes (Expts 40) to \data\icarus\215\ic215.c1.ed17.00.cylinder.DT.mat
17-Jun-2009 17:34:47 Saving index /data/icarus/215/ic215idx.mat
17-Jun-2009 17:55:07,Saved 0 spikes (Expts 57 58) to \data\icarus\215\ic215.c1.cylinder.UADT.mat
