05-May-2010 17:48:28 Fixed LFP in Z:\bgc\data\icarus\399\ic399.lfp.mat
05-May-2010 17:58:49 Saving index Z:\bgc\data\icarus\399\ic399idx.mat
Cluster set for P1 Expt 14 06-May-2010 09:45:46
Cluster set for P1 Expt 15 06-May-2010 09:45:49
Cluster set for P1 Expt 16 06-May-2010 09:45:52
Cluster set for P1 Expt 17 06-May-2010 09:45:55
Cluster set for P1 Expt 18 06-May-2010 09:45:58
Cluster set for P1 Expt 19 06-May-2010 09:46:02
Cluster set for P1 Expt 20 06-May-2010 09:46:05
Cluster set for P1 Expt 21 06-May-2010 09:46:11
Cluster set for P1 Expt 22 06-May-2010 09:46:14
Cluster set for P1 Expt 23 06-May-2010 09:46:25
Cluster set for P1 Expt 24 06-May-2010 09:47:03
Cluster set for P1 Expt 25 06-May-2010 09:47:51
Cluster set for P1 Expt 26 06-May-2010 09:47:55
Cluster set for P1 Expt 27 06-May-2010 09:47:58
Cluster set for P1 Expt 28 06-May-2010 10:13:53
Cluster set for P1 Expt 29 06-May-2010 10:14:00
Cluster set for P1 Expt 30 06-May-2010 10:14:03
Cluster set for P1 Expt 31 06-May-2010 10:14:06
Cluster set for P1 Expt 32 06-May-2010 10:14:11
Cluster set for P1 Expt 33 06-May-2010 10:14:17
Cluster set for P1 Expt 34 06-May-2010 10:14:20
Cluster set for P1 Expt 35 06-May-2010 10:14:25
Cluster set for P1 Expt 36 06-May-2010 10:14:30
Cluster set for P1 Expt 36 06-May-2010 10:14:33
Cluster set for P1 Expt 37 06-May-2010 12:19:23
Cluster set for P1 Expt 38 06-May-2010 12:19:26
Cluster set for P1 Expt 39 06-May-2010 12:19:37
Cluster set for P1 Expt 40 06-May-2010 12:19:48
Cluster set for P1 Expt 41 06-May-2010 12:20:56
Cluster set for P1 Expt 41 06-May-2010 12:20:57
Cluster set for P1 Expt 42 06-May-2010 12:21:17
Cluster set for P1 Expt 43 06-May-2010 12:21:31
06-May-2010 12:31:51,Saved 19642 spikes (Expts 37 40 41 42) to /data/icarus/399/ic399.c1.cylinder.TWO.mat
06-May-2010 17:27:04,Saved 58411 spikes (Expts 14 15 16 17 18 19 20 21 22 23 24 25 26 27 28 29 30 31 32 33 34 35 36) to /data/icarus/399/ic399.c1.cylinder.DT.mat
Cluster set for P1 Expt 4 07-May-2010 19:18:02
