15-Jun-2009 14:04:22 Fixed LFP in Z:\bgc\data\icarus\218\ic218.lfp.mat
15-Jun-2009 14:05:09 Saving index Z:\bgc\data\icarus\218\ic218idx.mat
Cluster set for P1 Expt 8 15-Jun-2009 15:08:40
15-Jun-2009 15:08:44,Saved 2054 spikes (Expts 8) to \data\icarus\218\ic218.c1.rds.OT.mat
Cluster set for P1 Expt 11 15-Jun-2009 15:09:23
15-Jun-2009 15:09:27,Saved 2105 spikes (Expts 11) to \data\icarus\218\ic218.c1.cylinder.DT.mat
Cluster set for P1 Expt 9 15-Jun-2009 15:09:45
15-Jun-2009 15:09:47,Saved 2657 spikes (Expts 9) to \data\icarus\218\ic218.c1.rds.OP.mat
Cluster set for P1 Expt 10 15-Jun-2009 15:09:56
15-Jun-2009 15:09:58,Saved 2368 spikes (Expts 10) to \data\icarus\218\ic218.c1.rds.PP.mat
Cluster set for P1 Expt 12 15-Jun-2009 15:10:08
Cluster set for P1 Expt 13 15-Jun-2009 15:10:13
Cluster set for P1 Expt 13 15-Jun-2009 15:10:22
Cluster set for P1 Expt 12 15-Jun-2009 15:10:34
15-Jun-2009 15:10:41,Saved 3955 spikes (Expts 12 13) to \data\icarus\218\ic218.c1.cylinder.SZ.mat
Cluster set for P1 Expt 15 15-Jun-2009 15:12:02
Cluster set for P1 Expt 16 15-Jun-2009 15:12:20
Cluster set for P1 Expt 17 15-Jun-2009 15:12:41
15-Jun-2009 15:12:55,Saved 33789 spikes (Expts 15 16 17) to \data\icarus\218\ic218.c1.cylinder.ADT.mat
Cluster set for P1 Expt 19 15-Jun-2009 15:13:28
Cluster set for P1 Expt 18 15-Jun-2009 15:13:31
15-Jun-2009 15:13:41,Saved 1655 spikes (Expts 18 19) to \data\icarus\218\ic218.c1.cylinder.UADT.mat
Cluster set for P1 Expt 6 15-Jun-2009 15:15:33
Cluster set for P1 Expt 6 15-Jun-2009 15:15:47
15-Jun-2009 15:15:50,Saved 1835 spikes (Expts 6) to \data\icarus\218\ic218.c1.ed15.70.rds.OT.mat
Cluster set for P1 Expt 5 15-Jun-2009 15:16:25
15-Jun-2009 15:16:30,Saved 2180 spikes (Expts 5) to \data\icarus\218\ic218.c1.ed15.65.rds.OT.mat
Cluster set for P1 Expt 3 15-Jun-2009 15:17:11
15-Jun-2009 15:17:18,Saved 2721 spikes (Expts 3) to \data\icarus\218\ic218.c1.ed15.60.rds.OT.mat
Cluster set for P1 Expt 1 15-Jun-2009 15:17:47
15-Jun-2009 15:17:54,Saved 2721 spikes (Expts 3) to \data\icarus\218\ic218.c1.ed15.50.rds.OT.mat
Cluster set for P1 Expt 7 15-Jun-2009 15:19:00
15-Jun-2009 15:19:12,Saved 1418 spikes (Expts 7) to \data\icarus\218\ic218.c1.ed15.70.cylinder.DT.mat
Cluster set for P1 Expt 4 15-Jun-2009 15:19:40
15-Jun-2009 15:19:46,Saved 2976 spikes (Expts 4) to \data\icarus\218\ic218.c1.ed15.60.cylinder.DT.mat
Cluster set for P1 Expt 2 15-Jun-2009 15:20:10
15-Jun-2009 15:20:16,Saved 3103 spikes (Expts 2) to \data\icarus\218\ic218.c1.ed15.50.cylinder.DT.mat
15-Jun-2009 16:55:26 Saving index \data\icarus\218\ic218idx.mat
15-Jun-2009 17:08:30 Saving index \data\icarus\218\ic218idx.mat
17-Jun-2009 08:12:24 Saving index /data/icarus/218/ic218idx.mat
17-Jun-2009 17:58:33,Saved 1693 spikes (Expts 18 19) to \data\icarus\218\ic218.c1.cylinder.UADT.mat
