Clearclusters
Cluster1 en6:32.53,76.14 ve6:7.96,22.50 pairen,ve,0.000000
#Set by ceb on Fri Jun  8 16:51:43 2007

Expt Y offset: rds -5.334 +-2.000 *9. 295-297, nr4at-2.41,-5.33, 15.01x2.00, 0.00 deg. sf1.00tf10 6770732
Dur 3863.45,0 NF 22 IS 0.40 Framerate 60.00
cm=rf-2.49,-3.13:5.13x3.90,5.6deg  pe121 0.0,-5.0 fx=0.00,fy
%%Uncancelled Expt
props sq0.00 xo-2.41 yo-3.00 wi15.01 hi2.00 or0.00 sf1.00 tf10.00 dx-0.8001 se10888 id7603 bd0.0000 op=+cn+cp+sc+cd+bm+ic 
TrialGood 62: 6714431-6734827 4
cm=noback
mtop=op+do+aa+sq+72+fc+fb+ap+wt+cf+ws+ts+sw+bw+ic+cs+bm+0m+gm+cS+C3

expt: rds et=yo e2=e0
Expt Start (6770732): rds Y offset -5.33: 2.00x9 ed=17.4800
xExpt2: EXPTYPE_NONE 90.00: 180.00x0
stim 6776222-6779722:295 bG rds0 props sq0.00 xo-2.41 yo-13.33 wi15.01 hi2.00 or0.00 sf1.00 tf10.00 dx-0.8001 se10892 id7604 bd0.0000 op=+cn+cp+sc+cd+bm+ic 
stim 6781055-6784555:296 bG rds0 props sq0.00 xo-2.41 yo-7.33 wi15.01 hi2.00 or0.00 sf1.00 tf10.00 dx-0.8001 se10896 id7605 bd0.0000 op=+cn+cp+sc+cd+bm+ic 
stim 6785888-6789388:297 bG rds0 props sq0.00 xo-2.41 yo-5.33 wi15.01 hi2.00 or0.00 sf1.00 tf10.00 dx-0.8001 se10900 id7606 bd0.0000 op=+cn+cp+sc+cd+bm+ic 
Expt Cancelled
End Follows Cancel
cm=noback
mtop=op+do+aa+sq+72+fc+fb+ap+wt+cf+ws+ts+sw+bw+ic+cs+bm+0m+gm+cS+C3

expt: rds et=xo e2=e0
Expt Start (6837843): rds X offset -2.41: 2.00x9 ed=17.4800
xExpt2: EXPTYPE_NONE 90.00: 180.00x0
