Expt Y offset: rds -1.528 +-0.200 *13. 87-90, nr4at-5.69,-1.33, 2.01x15.00, 180.00 deg. sf1.00tf10 9633916
Dur 3933.27,17999 NF 22 IS 0.40 Framerate 60.00
cm=rf-5.61,-1.45:4.66x2.49,0.0deg  pe112 -2.0,-7.0 fx=0.00,f
props sq0.00 xo-5.69 yo-1.53 wi2.01 hi15.00 or180.00 sf1.00 tf10.00 dx0.5000 se10662 id7486 bd0.0000 op=+cn+cp+bm+ic 
TrialGood 20: 9534250-9554627 4
cm=rf-5.61,-1.45:4.66x2.49,0.0deg  pe112 -2.0,-7.0 fx=0.00,fy=0.00 
cm=noback
mtop=op+do+aa+sq+72+fc+fb+ap+wt+cf+ws+ts+sw+bw+ic+cs+bm+0m+gm+cS+C3

expt: rds et=yo e2=e0
Expt Start (9633916): rds Y offset -1.53: 0.20x13 ed=20.1300
xExpt2: EXPTYPE_NONE 0.55: 0.30x2
stim 9639847-9643347:87 bG rds0 props sq0.00 xo-5.69 yo-2.33 wi2.01 hi15.00 or180.00 sf1.00 tf10.00 dx0.5000 se10666 id7487 bd0.0000 op=+cn+cp+sc+cd+bm+ic 
stim 9644680-9648180:88 bG rds0 props sq0.00 xo-5.69 yo-1.13 wi2.01 hi15.00 or180.00 sf1.00 tf10.00 dx0.5000 se10670 id7488 bd0.0000 op=+cn+cp+sc+cd+bm+ic 
stim 9649513-9653013:89 bG none0 props sq0.00 xo-5.69 yo-1.53 wi2.01 hi15.00 or180.00 sf1.00 tf10.00 dx0.5000 se10674 id7489 bd0.0000 op=+cn+cp+sc+cd+bm+ic 
stim 9654346-9657846:90 bG rds0 props sq0.00 xo-5.69 yo-1.33 wi2.01 hi15.00 or180.00 sf1.00 tf10.00 dx0.5000 se10678 id7490 bd0.0000 op=+cn+cp+sc+cd+bm+ic 
TrialGood 21: 9638787-9658623 4
Expt Cancelled
cm=noback
mtop=op+do+aa+sq+72+fc+fb+ap+wt+cf+ws+ts+sw+bw+ic+cs+bm+0m+gm+cS+C3

expt: rds et=yo e2=e0
Expt Start (9699754): rds Y offset -1.53: 2.00x13 ed=20.1300
xExpt2: EXPTYPE_NONE 0.55: 0.30x2
