21-Aug-2009 17:02:50 Fixed LFP in Z:\bgc\data\icarus\333\ic333.lfp.mat
21-Aug-2009 17:03:13 Saving index Z:\bgc\data\icarus\333\ic333idx.mat
Cluster set for P1 Expt 1 21-Aug-2009 17:42:39
Cluster set for P1 Expt 2 21-Aug-2009 17:42:46
Cluster set for P1 Expt 3 21-Aug-2009 17:42:53
Cluster set for P1 Expt 4 21-Aug-2009 17:43:33
Cluster set for P1 Expt 5 21-Aug-2009 17:43:36
Cluster set for P1 Expt 6 21-Aug-2009 17:43:46
Cluster set for P1 Expt 7 21-Aug-2009 17:43:51
Cluster set for P1 Expt 8 21-Aug-2009 17:44:00
Cluster set for P1 Expt 9 21-Aug-2009 17:44:07
Cluster set for P1 Expt 10 21-Aug-2009 17:44:34
Cluster set for P1 Expt 11 21-Aug-2009 17:45:41
21-Aug-2009 17:45:59,Saved 837 spikes (Expts 3 4) to /bgc/data/icarus/333/ic333.c1.rds.OP.mat
21-Aug-2009 17:46:04,Saved 934 spikes (Expts 6 7) to /bgc/data/icarus/333/ic333.c1.rds.PP.mat
21-Aug-2009 17:46:10,Saved 2325 spikes (Expts 8 9) to /bgc/data/icarus/333/ic333.c1.rds.SZ.mat
21-Aug-2009 17:46:13,Saved 4633 spikes (Expts 10) to /bgc/data/icarus/333/ic333.c1.rds.DT.mat
21-Aug-2009 17:46:15,Saved 4633 spikes (Expts 10) to /bgc/data/icarus/333/ic333.c1.rds.DT.mat
Cluster set for P1 Expt 11 21-Aug-2009 17:46:34
21-Aug-2009 17:46:39,Saved 3152 spikes (Expts 11) to /bgc/data/icarus/333/ic333.c1.cylinder.DT.mat
Cluster set for P1 Expt 10 21-Aug-2009 17:47:05
21-Aug-2009 17:47:07,Saved 4633 spikes (Expts 10) to /bgc/data/icarus/333/ic333.c1.rds.DT.mat
