Expt Disparity : cylinder 0.000 +-0.005 *5. 244-248, x Expt Initial Disparity: 0.000 +-0.004 *6. 244-248, nr4at-13.65,-1.97, 10.00x10.00, -135.26 deg. sf1.00tf10 3309733
Dur 3500.25,0 NF 22 IS 0.40 Framerate 60.00
cm=rf-13.69,-1.76:10.50x10.17,-135.0deg  pe82 0,-5 fx=0.00,f
props sq0.00 xo-13.65 yo-1.97 wi10.00 hi10.00 or-135.26 sf1.00 tf10.00 dx-0.2000 se12097 id8036 bd0.0000 op=+cn+cp+sc+2a+cd+bm+ic+fS+(null) 
EndExpt  (3021991)
cm=noback
mtop=op+do+sq+72+fc+fb+ap+wt+cf+ws+ts+sw+bw+cs+2a+bm+gm+x2+da+ao+cb+cS+C3

expt: cylinder et=dx e2=Id
Expt Start (3309733): cylinder Disparity  0.00: 0.00x5 ed=19.3600
xExpt2: Initial Disparity 0.00: 0.00x6
props sq3.00 xo-13.65 yo-1.97 wi10.00 hi10.00 or-135.26 sf1.00 tf10.00 dx0.0050 se12098 id8037 bd0.0000 Id-0.01 MD=0 op=+cn+cp+sc+2a+cd+xe+bm 
stim 3332499-3335999:245 bG cylinder0 props sq3.00 xo-13.65 yo-1.97 wi10.00 hi10.00 or-135.26 sf1.00 tf10.00 dx0.0100 se12099 id8038 bd0.0000 Id-0.01 MD=0 op=+cn+cp+sc+2a+cd+xe+bm 
stim 3337332-3340832:246 bG cylinder0 props sq-3.00 xo-13.65 yo-1.97 wi10.00 hi10.00 or-135.26 sf1.00 tf10.00 dx-0.0100 se12100 id8039 bd0.0000 Id-0.01 MD=0 op=+cn+cp+sc+2a+cd+xe+bm 
stim 3342165-3345665:247 bG cylinder0 props sq-3.00 xo-13.65 yo-1.97 wi10.00 hi10.00 or-135.26 sf1.00 tf10.00 dx-0.0100 se12101 id8040 bd0.0000 Id0.00 MD=0 op=+cn+cp+sc+2a+cd+xe+bm 
stim 3346998-3350499:248 bG cylinder0 props sq3.00 xo-13.65 yo-1.97 wi10.00 hi10.00 or-135.26 sf1.00 tf10.00 dx0.0100 se12102 id8041 bd0.0000 Id0.00 MD=0 op=+cn+cp+sc+2a+cd+xe+bm 
Expt Cancelled
cm=rf-13.69,-1.76:10.50x10.17,-135.0deg  pe82 0,-5 fx=0.00,fy=0.00 
cm=noback
mtop=op+do+sq+72+fc+fb+ap+wt+cf+ws+ts+sw+bw+cs+2a+bm+gm+x2+da+ao+cb+cS+C3

expt: cylinder et=dx e2=Id
Expt Start (3399461): cylinder Disparity  0.00: 0.00x5 ed=19.3600
xExpt2: Initial Disparity 0.00: 0.00x6
