04-Sep-2009 16:48:31 Fixed LFP in Z:\bgc\data\icarus\378\ic378.lfp.mat
04-Sep-2009 16:49:03 Saving index Z:\bgc\data\icarus\378\ic378idx.mat
Cluster set for P1 Expt 1 04-Sep-2009 18:03:05
Cluster set for P1 Expt 1 04-Sep-2009 18:04:31
Cluster set for P1 Expt 2 04-Sep-2009 18:04:36
Cluster set for P1 Expt 2 04-Sep-2009 18:04:46
Cluster set for P1 Expt 1 04-Sep-2009 18:04:50
Cluster set for P1 Expt 1 04-Sep-2009 18:04:59
Cluster set for P1 Expt 3 04-Sep-2009 18:05:04
Cluster set for P1 Expt 4 04-Sep-2009 18:05:08
Cluster set for P1 Expt 4 04-Sep-2009 18:05:11
Cluster set for P1 Expt 5 04-Sep-2009 18:05:15
Cluster set for P1 Expt 5 04-Sep-2009 18:05:22
Cluster set for P1 Expt 6 04-Sep-2009 18:05:26
Cluster set for P1 Expt 7 04-Sep-2009 18:05:32
Cluster set for P1 Expt 8 04-Sep-2009 18:05:41
Cluster set for P1 Expt 9 04-Sep-2009 18:05:47
Cluster set for P1 Expt 10 04-Sep-2009 18:05:53
Cluster set for P1 Expt 10 04-Sep-2009 18:06:02
Cluster set for P1 Expt 11 04-Sep-2009 18:06:07
Cluster set for P1 Expt 12 04-Sep-2009 18:06:12
Cluster set for P1 Expt 13 04-Sep-2009 18:06:18
Cluster set for P1 Expt 14 04-Sep-2009 18:06:25
Cluster set for P1 Expt 15 04-Sep-2009 18:06:30
Cluster set for P1 Expt 16 04-Sep-2009 18:06:38
Cluster set for P1 Expt 17 04-Sep-2009 18:06:47
Cluster set for P1 Expt 18 04-Sep-2009 18:06:54
Cluster set for P1 Expt 19 04-Sep-2009 18:07:05
04-Sep-2009 18:07:16,Saved 1805 spikes (Expts 1 2 3) to /bgc/data/icarus/378/ic378.c1.rds.OT.mat
04-Sep-2009 18:08:04,Saved 1401 spikes (Expts 4 5) to /bgc/data/icarus/378/ic378.c1.rds.OP.mat
04-Sep-2009 18:08:26,Saved 1144 spikes (Expts 7 12) to /bgc/data/icarus/378/ic378.c1.rds.PP.mat
04-Sep-2009 18:08:33,Saved 2651 spikes (Expts 8 9 14 15) to /bgc/data/icarus/378/ic378.c1.rds.SZ.mat
04-Sep-2009 18:08:41,Saved 2443 spikes (Expts 16 17) to /bgc/data/icarus/378/ic378.c1.rds.DT.mat
04-Sep-2009 18:08:46,Saved 971 spikes (Expts 18 19) to /bgc/data/icarus/378/ic378.c1.cylinder.DT.mat
