Expt Paralell Offset: rds 0.180 +-2.000 *10. 764-767, x Expt Initial Disparity: 0.000 +-0.010 *2. 764-767, nr4at3.42,3.45, 3.00x20.00, -135.00 deg. sf1.00tf10 919823266
Dur 3750.00,18000 NF 22 IS 0.40 Framerate 60.00
cm=rf-1.67,-1.11:5.30x5.42,-135.0deg  pe46 -2,-6 fx=0.00,fy=
props sq0.00 xo-1.53 yo-1.50 wi3.00 hi20.00 or-135.00 sf1.00 tf10.00 dx0.8000 se9124 id7006 bd0.0000 op=+cn+cp+sc+cd+xe+bm+ic 
TrialGood 259: 919783435-919803713 4
cm=noback
mtop=op+do+sq+72+fc+fb+ap+wt+cf+ws+ts+sw+bw+ic+cs+bm+gm+x2+cS+C3

expt: rds et=Pp e2=Id
Expt Start: rds type 287 0.18: 2.00x10 ed=15.1000
xExpt2: Initial Disparity 0.00: 0.01x2
stim 919830099-919833599:764 bG rds0 props sq0.00 xo2.00 yo2.03 wi3.00 hi20.00 or-135.00 sf1.00 tf10.00 dx0.8000 se9127 id7007 bd0.0000 Id0.00 op=+cn+cp+sc+cd+xe+bm+ic 
stim 919834932-919838432:765 bG rds0 props sq0.00 xo2.00 yo2.03 wi3.00 hi20.00 or-135.00 sf1.00 tf10.00 dx0.8000 se9130 id7008 bd0.0000 Id-0.00 op=+cn+cp+sc+cd+xe+bm+ic 
stim 919839765-919843265:766 bG rds0 props sq0.00 xo-6.48 yo-6.45 wi3.00 hi20.00 or-135.00 sf1.00 tf10.00 dx0.8000 se9133 id7009 bd0.0000 Id0.00 op=+cn+cp+sc+cd+xe+bm+ic 
stim 919844599-919848099:767 bG rds0 props sq0.00 xo3.42 yo3.45 wi3.00 hi20.00 or-135.00 sf1.00 tf10.00 dx0.8000 se9136 id7010 bd0.0000 Id-0.00 op=+cn+cp+sc+cd+xe+bm+ic 
TrialGood 260: 919829004-919848879 4
Expt Cancelled
cm=noback
mtop=op+do+sq+72+fc+fb+ap+wt+cf+ws+ts+sw+bw+ic+cs+bm+gm+x2+cS+C3

expt: rds et=Pp e2=Id
Expt Start: rds type 287 0.18: 2.00x10 ed=15.1000
xExpt2: Initial Disparity 0.00: 0.01x2
