05-Jun-2009 17:03:00 Fixed LFP in Z:\bgc\data\icarus\200\ic200.lfp.mat
05-Jun-2009 17:04:52 Saving index Z:\bgc\data\icarus\200\ic200idx.mat
Cluster set for P1 Expt 42 07-Jun-2009 10:27:20
Cluster set for P1 Expt 47 07-Jun-2009 10:27:28
Cluster set for P1 Expt 47 07-Jun-2009 10:27:45
07-Jun-2009 10:27:58,Saved 7489 spikes (Expts 42 47) to Z:\data\icarus\200\ic200.c1.rds.OT.mat
Cluster set for P1 Expt 48 07-Jun-2009 10:29:47
07-Jun-2009 10:29:53,Saved 2995 spikes (Expts 48) to Z:\data\icarus\200\ic200.c1.cylinder.DT.mat
Cluster set for P1 Expt 4 07-Jun-2009 10:30:36
07-Jun-2009 10:30:39,Saved 979 spikes (Expts 43) to Z:\data\icarus\200\ic200.c1.rds.OP.mat
Cluster set for P1 Expt 44 07-Jun-2009 10:31:08
07-Jun-2009 10:31:11,Saved 1745 spikes (Expts 44) to Z:\data\icarus\200\ic200.c1.rds.PP.mat
Cluster set for P1 Expt 45 07-Jun-2009 10:31:39
Cluster set for P1 Expt 46 07-Jun-2009 10:31:57
07-Jun-2009 10:32:14,Saved 8193 spikes (Expts 45 46) to Z:\data\icarus\200\ic200.c1.cylinder.SZ.mat
07-Jun-2009 10:33:00,Saved 7970 spikes (Expts 55 56 57) to Z:\data\icarus\200\ic100.c1.cylinder.UADT.mat
Cluster set for P1 Expt 51 07-Jun-2009 10:36:10
Cluster set for P1 Expt 52 07-Jun-2009 10:36:40
07-Jun-2009 10:37:06,Saved 112902 spikes (Expts 51 52) to Z:\data\icarus\200\ic100.c1.cylinder.ADT.mat
Cluster set for P1 Expt 40 07-Jun-2009 10:37:38
07-Jun-2009 10:37:50,Saved 3582 spikes (Expts 40) to Z:\data\icarus\200\ic200.c1.ed18.85.rds.OT.mat
Cluster set for P1 Expt 38 07-Jun-2009 10:38:01
07-Jun-2009 10:38:30,Saved 5182 spikes (Expts 38) to Z:\data\icarus\200\ic200.c1.ed16.75.rds.OT.mat
Cluster set for P1 Expt 36 07-Jun-2009 10:39:30
07-Jun-2009 10:39:34,Saved 5430 spikes (Expts 36) to Z:\data\icarus\200\ic200.c1.ed16.65.rds.OT.mat
Cluster set for P1 Expt 34 07-Jun-2009 10:40:13
Cluster set for P1 Expt 34 07-Jun-2009 10:40:22
Cluster set for P1 Expt 34 07-Jun-2009 10:40:47
07-Jun-2009 10:40:51,Saved 4438 spikes (Expts 34) to Z:\data\icarus\200\ic200.c1.ed16.55.rds.OT.mat
Cluster set for P1 Expt 41 07-Jun-2009 10:41:36
Cluster set for P1 Expt 41 07-Jun-2009 10:42:31
Cluster set for P1 Expt 41 07-Jun-2009 10:42:40
Cluster set for P1 Expt 41 07-Jun-2009 10:42:44
07-Jun-2009 10:43:00,Saved 1886 spikes (Expts 41) to Z:\data\icarus\200\ic200.c1.ed16.85.cylinder.DT.mat
Cluster set for P1 Expt 39 07-Jun-2009 10:43:45
07-Jun-2009 10:43:51,Saved 3000 spikes (Expts 39) to Z:\data\icarus\200\ic200.c1.ed16.75.cylinder.DT.mat
Cluster set for P1 Expt 37 07-Jun-2009 10:44:17
07-Jun-2009 10:44:28,Saved 2643 spikes (Expts 37) to Z:\data\icarus\200\ic200.c1.ed16.65.cylinder.DT.mat
Cluster set for P1 Expt 35 07-Jun-2009 10:44:49
07-Jun-2009 10:44:55,Saved 3919 spikes (Expts 35) to Z:\data\icarus\200\ic200.c1.ed16.55.cylinder.DT.mat
17-Jun-2009 13:47:13 Saving index /data/icarus/200/ic200idx.mat
17-Jun-2009 17:04:56,Saved 9153 spikes (Expts 57 58 59) to \data\icarus\200\ic200.c1.cylinder.UADT.mat
