06-Jul-2009 20:54:06 Saving index /data/icarus/177/ic177idx.mat
Cluster set for P5 Expt 1 06-Jul-2009 20:59:22
Cluster set for P5 Expt 2 06-Jul-2009 20:59:28
Cluster set for P5 Expt 3 06-Jul-2009 20:59:32
Cluster set for P5 Expt 4 06-Jul-2009 20:59:39
Cluster set for P5 Expt 4 06-Jul-2009 20:59:43
Cluster set for P5 Expt 5 06-Jul-2009 20:59:47
Cluster set for P5 Expt 6 06-Jul-2009 20:59:50
Cluster set for P5 Expt 7 06-Jul-2009 20:59:53
Cluster set for P5 Expt 8 06-Jul-2009 20:59:56
Cluster set for P5 Expt 9 06-Jul-2009 21:00:00
Cluster set for P5 Expt 10 06-Jul-2009 21:00:03
Cluster set for P5 Expt 11 06-Jul-2009 21:00:06
Cluster set for P5 Expt 12 06-Jul-2009 21:00:09
Cluster set for P5 Expt 13 06-Jul-2009 21:00:18
Cluster set for P5 Expt 14 06-Jul-2009 21:00:23
Cluster set for P5 Expt 15 06-Jul-2009 21:00:26
Cluster set for P5 Expt 16 06-Jul-2009 21:00:29
Cluster set for P5 Expt 17 06-Jul-2009 21:00:33
Cluster set for P5 Expt 18 06-Jul-2009 21:00:41
Cluster set for P5 Expt 19 06-Jul-2009 21:00:47
Cluster set for P5 Expt 20 06-Jul-2009 21:00:49
Cluster set for P5 Expt 21 06-Jul-2009 21:00:52
Cluster set for P5 Expt 22 06-Jul-2009 21:00:54
Cluster set for P5 Expt 23 06-Jul-2009 21:00:56
Cluster set for P5 Expt 24 06-Jul-2009 21:00:59
Cluster set for P5 Expt 25 06-Jul-2009 21:01:02
06-Jul-2009 21:01:12,Saved 1575 spikes (Expts 12) to /data/icarus/177/ic177.c1.rds.OT.mat
06-Jul-2009 21:01:21,Saved 1535 spikes (Expts 19) to /data/icarus/177/ic177.c1.rds.DT.mat
06-Jul-2009 21:02:38,Saved 1654 spikes (Expts 9 10 11) to /data/icarus/177/ic177.c1.rds.PP.mat
06-Jul-2009 21:02:46,Saved 1580 spikes (Expts 20 21 22 23 24 25) to /data/icarus/177/ic177.c1.cylinder.DT.mat
06-Jul-2009 21:02:53,Saved 1709 spikes (Expts 13 14 18) to /data/icarus/177/ic177.c1.rds.OP.mat
06-Jul-2009 21:13:26 Saving index Z:\bgc\data\icarus\177\ic177idx.mat
Cluster set for P5 Expt 1 06-Jul-2009 21:38:22
Cluster set for P5 Expt 2 06-Jul-2009 21:38:25
Cluster set for P5 Expt 3 06-Jul-2009 21:38:27
Cluster set for P5 Expt 4 06-Jul-2009 21:38:29
Cluster set for P5 Expt 5 06-Jul-2009 21:38:31
Cluster set for P5 Expt 6 06-Jul-2009 21:38:38
Cluster set for P5 Expt 7 06-Jul-2009 21:38:41
Cluster set for P5 Expt 8 06-Jul-2009 21:38:43
Cluster set for P5 Expt 9 06-Jul-2009 21:38:45
Cluster set for P5 Expt 10 06-Jul-2009 21:38:47
Cluster set for P5 Expt 12 06-Jul-2009 21:38:52
Cluster set for P5 Expt 13 06-Jul-2009 21:38:55
Cluster set for P5 Expt 14 06-Jul-2009 21:38:58
