Expt Disparity : rds 0.000 +-0.200 *13. 37-44, nr4at-10.36,-4.23, 1.02x1.00, -45.00 deg. sf1.00tf10 884974
Dur 3499.98,18000 NF 22 IS 0.40 Framerate 60.00
cm=rf-10.32,-4.44:10.28x9.37,-45.0deg  pe94 1,-5 fx=0.00,fy=,
props sq0.00 xo-10.36 yo-4.23 wi7.00 hi7.00 or135.00 sf1.00 tf5.00 dx-0.2333 se8135 id6696 bd0.0000 op=+cn+cp+sc+cd+bm+ic 
TrialGood 8: 734595-754417 4
EndExpt  (755746)
cm=rf-10.32,-4.44:10.28x9.37,-45.0deg  pe94 1,-5 fx=0.00,fy=0.00 
cm=noback
mtop=op+do+aa+72+fc+fb+ap+wt+cf+ws+ts+sw+bw+ic+cs+bm+gm+cS+C3

expt: rds et=dx e2=e0
Expt Start (884974): rds Disparity  0.00: 0.20x13 ed=18.2500
xExpt2: EXPTYPE_NONE 0.00: 0.05x0
stim 889643-893143:37 bG rds0 props sq0.00 xo-10.36 yo-4.23 wi1.02 hi1.00 or-45.00 sf1.00 tf10.00 dx-1.0001 se8138 id6697 bd0.0000 op=+cn+cp+sc+cd+bm+ic 
stim 894477-897977:38 bG rds0 props sq0.00 xo-10.36 yo-4.23 wi1.02 hi1.00 or-45.00 sf1.00 tf10.00 dx-0.2000 se8141 id6698 bd0.0000 op=+cn+cp+sc+cd+bm+ic 
stim 899310-902810:39 bG rds0 props sq0.00 xo-10.36 yo-4.23 wi1.02 hi1.00 or-45.00 sf1.00 tf10.00 dx-0.6000 se8144 id6699 bd0.0000 op=+cn+cp+sc+cd+bm+ic 
stim 904143-907643:40 bG rds0 props sq0.00 xo-10.36 yo-4.23 wi1.02 hi1.00 or-45.00 sf1.00 tf10.00 dx0.6000 se8147 id6700 bd0.0000 op=+cn+cp+sc+cd+bm+ic 
TrialGood 9: 888522-908420 4
stim 914143-917643:41 bG none0 props sq0.00 xo-10.36 yo-4.23 wi1.02 hi1.00 or-45.00 sf1.00 tf10.00 dx0.0000 se8150 id6701 bd0.0000 op=+cn+cp+sc+cd+bm+ic 
stim 918976-922476:42 bG rds0 props sq0.00 xo-10.36 yo-4.23 wi1.02 hi1.00 or-45.00 sf1.00 tf10.00 dx1.0001 se8153 id6702 bd0.0000 op=+cn+cp+sc+cd+bm+ic 
stim 923809-927309:43 bG rds0 props sq0.00 xo-10.36 yo-4.23 wi1.02 hi1.00 or-45.00 sf1.00 tf10.00 dx0.0000 se8156 id6703 bd0.0000 op=+cn+cp+sc+cd+bm+ic 
stim 928642-932142:44 bG rds0 props sq0.00 xo-10.36 yo-4.23 wi1.02 hi1.00 or-45.00 sf1.00 tf10.00 dx0.2000 se8159 id6704 bd0.0000 op=+cn+cp+sc+cd+bm+ic 
Expt Cancelled
cm=noback
mtop=op+do+aa+72+fc+fb+ap+wt+cf+ws+ts+sw+bw+ic+cs+bm+gm+cS+C3

expt: rds et=dx e2=e0
Expt Start (997118): rds Disparity  0.00: 0.20x13 ed=18.2500
xExpt2: EXPTYPE_NONE 0.00: 0.05x0
