07-Aug-2009 16:46:09 Fixed LFP in Z:\bgc\data\icarus\305\ic305.lfp.mat
07-Aug-2009 16:47:03 Saving index Z:\bgc\data\icarus\305\ic305idx.mat
Cluster set for P1 Expt 2 07-Aug-2009 17:11:49
Cluster set for P1 Expt 15 07-Aug-2009 17:12:05
07-Aug-2009 17:12:07,Saved 208 spikes (Expts 15) to Z:\data\icarus\305\ic305.c1.rds.OT.mat
Cluster set for P1 Expt 18 07-Aug-2009 17:12:12
07-Aug-2009 17:12:15,Saved 71 spikes (Expts 18) to Z:\data\icarus\305\ic305.c1.rds.OP.mat
Cluster set for P1 Expt 9 07-Aug-2009 17:12:25
Cluster set for P1 Expt 14 07-Aug-2009 17:12:28
Cluster set for P1 Expt 19 07-Aug-2009 17:12:30
Cluster set for P1 Expt 20 07-Aug-2009 17:12:32
Cluster set for P1 Expt 24 07-Aug-2009 17:12:39
07-Aug-2009 17:12:53,Saved 878 spikes (Expts 9 14 19 20) to Z:\data\icarus\305\ic305.c1.cylinder.DT.mat
Cluster set for P1 Expt 11 07-Aug-2009 17:13:00
Cluster set for P1 Expt 13 07-Aug-2009 17:13:04
07-Aug-2009 17:13:07,Saved 222 spikes (Expts 11 13) to Z:\data\icarus\305\ic305.c1.cylinder.SZ.mat
Cluster set for P1 Expt 16 07-Aug-2009 17:13:12
Cluster set for P1 Expt 17 07-Aug-2009 17:13:15
07-Aug-2009 17:13:18,Saved 285 spikes (Expts 16 17) to Z:\data\icarus\305\ic305.c1.rds.PP.mat
Cluster set for P1 Expt 21 07-Aug-2009 17:13:28
07-Aug-2009 17:13:30,Saved 1269 spikes (Expts 21) to Z:\data\icarus\305\ic305.c1.rds.DXO.mat
