28-Aug-2009 14:38:10 Fixed LFP in Z:\bgc\data\icarus\355\ic355.lfp.mat
28-Aug-2009 14:38:36 Saving index Z:\bgc\data\icarus\355\ic355idx.mat
Cluster set for P1 Expt 1 01-Sep-2009 18:02:27
Cluster set for P1 Expt 2 01-Sep-2009 18:02:30
Cluster set for P1 Expt 3 01-Sep-2009 18:02:37
Cluster set for P1 Expt 4 01-Sep-2009 18:02:54
Cluster set for P1 Expt 5 01-Sep-2009 18:02:58
Cluster set for P1 Expt 6 01-Sep-2009 18:04:26
Cluster set for P1 Expt 7 01-Sep-2009 18:04:29
Cluster set for P1 Expt 8 01-Sep-2009 18:04:39
Cluster set for P1 Expt 9 01-Sep-2009 18:04:42
Cluster set for P1 Expt 10 01-Sep-2009 18:04:49
Cluster set for P1 Expt 11 01-Sep-2009 18:04:54
Cluster set for P1 Expt 12 01-Sep-2009 18:05:00
Cluster set for P1 Expt 13 01-Sep-2009 18:05:05
Cluster set for P1 Expt 14 01-Sep-2009 18:05:11
Cluster set for P1 Expt 15 01-Sep-2009 18:05:20
Cluster set for P1 Expt 16 01-Sep-2009 18:05:23
01-Sep-2009 18:05:43,Saved 324 spikes (Expts 1 2 3) to /bgc/data/icarus/355/ic355.c1.rds.OT.mat
01-Sep-2009 18:05:53,Saved 269 spikes (Expts 4 5 6) to /bgc/data/icarus/355/ic355.c1.rds.OP.mat
01-Sep-2009 18:05:58,Saved 253 spikes (Expts 7 8) to /bgc/data/icarus/355/ic355.c1.rds.PP.mat
01-Sep-2009 18:06:03,Saved 126 spikes (Expts 9 10) to /bgc/data/icarus/355/ic355.c1.rds.SZ.mat
01-Sep-2009 18:06:08,Saved 301 spikes (Expts 11 12) to /bgc/data/icarus/355/ic355.c1.rds.DT.mat
01-Sep-2009 18:06:31,Saved 456 spikes (Expts 13 14 15 16) to /bgc/data/icarus/355/ic355.c1.cylinder.DT.mat
