13-Aug-2009 15:39:43 Fixed LFP in Z:\bgc\data\icarus\312\ic312.lfp.mat
13-Aug-2009 16:55:51 Saving index Z:\data\icarus\312\ic312idx.mat
Cluster set for P1 Expt 1 13-Aug-2009 16:56:12
Cluster set for P1 Expt 2 13-Aug-2009 16:56:16
Cluster set for P1 Expt 3 13-Aug-2009 16:56:22
Cluster set for P1 Expt 4 13-Aug-2009 16:56:29
Cluster set for P1 Expt 5 13-Aug-2009 16:56:37
Cluster set for P1 Expt 6 13-Aug-2009 16:56:55
Cluster set for P1 Expt 7 13-Aug-2009 16:57:00
Cluster set for P1 Expt 8 13-Aug-2009 16:57:07
Cluster set for P1 Expt 9 13-Aug-2009 16:57:44
Cluster set for P1 Expt 9 13-Aug-2009 16:57:51
Cluster set for P1 Expt 10 13-Aug-2009 16:57:55
Cluster set for P1 Expt 11 13-Aug-2009 16:57:57
Cluster set for P1 Expt 12 13-Aug-2009 16:58:07
Cluster set for P1 Expt 13 13-Aug-2009 16:58:20
Cluster set for P1 Expt 14 13-Aug-2009 17:03:08
Cluster set for P1 Expt 15 13-Aug-2009 17:03:14
Cluster set for P1 Expt 16 13-Aug-2009 17:03:25
Cluster set for P1 Expt 17 13-Aug-2009 17:03:34
Cluster set for P1 Expt 18 13-Aug-2009 17:03:48
Cluster set for P1 Expt 18 13-Aug-2009 17:03:59
Cluster set for P1 Expt 19 13-Aug-2009 17:04:28
13-Aug-2009 17:05:52,Saved 822 spikes (Expts 14 15) to Z:\data\icarus\312\ic312.c1.rds.OT.mat
13-Aug-2009 17:07:42,Saved 1050 spikes (Expts 10 11 12 13) to Z:\data\icarus\312\ic312.c1.rds.OP.mat
13-Aug-2009 17:08:27,Saved 1723 spikes (Expts 6 7 8 9) to Z:\data\icarus\312\ic312.c1.rds.PP.mat
13-Aug-2009 17:08:49,Saved 632 spikes (Expts 16 17) to Z:\data\icarus\312\ic312.c1.rds.SZ.mat
13-Aug-2009 17:09:04,Saved 617 spikes (Expts 18) to Z:\data\icarus\312\ic312.c1.rds.DT.mat
