Expt Disparity : rds 0.000 +-0.200 *13. 214-217, x Expt Orientation: 270.000 +-2.000 *2. 214-217, nr4at-5.59,2.10, 3.00x3.00, 269.00 deg. sf1.00tf10 3968117
Dur 3714.29,3500 NF 22 IS 0.40 Framerate 60.00
cm=rf-5.68,2.05:3.59x3.34,180.0deg  pe80 -1,-7 fx=0.00,fy=0.
props sq0.00 xo-5.59 yo2.10 wi3.00 hi3.00 or180.00 sf1.00 tf5.00 dx-0.2000 se9652 id7069 bd-0.0100 op=+cn+cp+sc+cd+bm+ic 
cm=rf-5.68,2.05:3.59x3.34,180.0deg  pe80 -1,-7 fx=0.00,fy=0.00 
cm=back=rds,wi=3.98,hi=4.00,ce=1.00,xo=-5.59,yo=1.00,dx=-0.01,co=1.00
mtop=op+do+72+fc+fb+ap+wt+cf+ws+ts+sw+bw+ic+im+iu+cs+bm+gm+x2+cS+C3

expt: rds et=dx e2=or
Expt Start (3968117): rds Disparity  0.00: 0.20x13 ed=20.1600
xExpt2: Orientation 270.00: 2.00x2
stim 3975284-3978784:214 bG rds0 props sq0.00 xo-5.59 yo2.10 wi3.00 hi3.00 or269.00 sf1.00 tf10.00 dx-0.6000 se9654 id7070 bd-0.0100 op=+cn+cp+sc+cd+xe+bm+ic+fS+(null) 
TrialGood 46: 3974242-3979576 1
stim 3985284-3988784:215 bG rds0 props sq0.00 xo-5.59 yo2.10 wi3.00 hi3.00 or269.00 sf1.00 tf10.00 dx0.6000 se9656 id7071 bd-0.0100 op=+cn+cp+sc+cd+xe+bm+ic+fS+(null) 
stim 3990117-3993617:216 bG rds0 props sq0.00 xo-5.59 yo2.10 wi3.00 hi3.00 or271.00 sf1.00 tf10.00 dx0.6000 se9658 id7072 bd-0.0100 op=+cn+cp+sc+cd+xe+bm+ic+fS+(null) 
stim 3994951-3998451:217 bG rds0 props sq0.00 xo-5.59 yo2.10 wi3.00 hi3.00 or269.00 sf1.00 tf10.00 dx0.8000 se9660 id7073 bd-0.0100 op=+cn+cp+sc+cd+xe+bm+ic+fS+(null) 
Expt Cancelled
cm=back=rds,wi=3.98,hi=4.00,ce=1.00,xo=-5.59,yo=1.00,dx=-0.01,co=1.00
mtop=op+do+72+fc+fb+ap+wt+cf+ws+ts+sw+bw+ic+im+iu+cs+bm+gm+x2+cS+C3

expt: rds et=dx e2=or
Expt Start (4061482): rds Disparity  0.00: 0.20x13 ed=20.1600
xExpt2: Orientation 270.00: 180.00x2
