17-Jul-2009 16:40:54 Fixed LFP in Z:\bgc\data\icarus\266\ic266.lfp.mat
17-Jul-2009 16:41:06 Saving index Z:\bgc\data\icarus\266\ic266idx.mat
Cluster set for P1 Expt 1 17-Jul-2009 17:25:11
17-Jul-2009 17:25:14,Saved 88 spikes (Expts 1) to Z:\data\icarus\266\ic266.c1.rds.PP.mat
Cluster set for P1 Expt 2 17-Jul-2009 17:25:20
17-Jul-2009 17:25:23,Saved 67 spikes (Expts 2) to Z:\data\icarus\266\ic266.c1.rds.OP.mat
Cluster set for P1 Expt 3 17-Jul-2009 17:25:31
Cluster set for P1 Expt 4 17-Jul-2009 17:25:34
17-Jul-2009 17:25:39,Saved 642 spikes (Expts 3 4) to Z:\data\icarus\266\ic266.c1.cylinder.DT.mat
Cluster set for P1 Expt 5 17-Jul-2009 17:25:45
17-Jul-2009 17:25:49,Saved 601 spikes (Expts 5) to Z:\data\icarus\266\ic266.c1.rds.DT.mat
Cluster set for P1 Expt 6 17-Jul-2009 17:25:58
17-Jul-2009 17:26:01,Saved 319 spikes (Expts 6) to Z:\data\icarus\266\ic266.c1.cylinder.SZ.mat
Cluster set for P1 Expt 7 17-Jul-2009 17:26:19
17-Jul-2009 17:26:23,Saved 2483 spikes (Expts 7) to Z:\data\icarus\266\ic266.c1.cylinder.ABD.mat
14-Nov-2009 20:48:18,Saved 101 spikes (Expts 1) to /bgc/data/icarus/266/ic266.c1.rds.PP.mat
14-Nov-2009 20:48:18, LFP file /bgc/data/icarus/266/ic266.lfp.rds.PP.mat (Took 0.0 0.0)
14-Nov-2009 20:48:18,Saved 89 spikes (Expts 2) to /bgc/data/icarus/266/ic266.c1.rds.OP.mat
14-Nov-2009 20:48:18, LFP file /bgc/data/icarus/266/ic266.lfp.rds.OP.mat (Took 0.0 0.0)
14-Nov-2009 20:48:19,Saved 772 spikes (Expts 3 4) to /bgc/data/icarus/266/ic266.c1.cylinder.DT.mat
14-Nov-2009 20:48:19, LFP file /bgc/data/icarus/266/ic266.lfp.cylinder.DT.mat (Took 0.0 0.0)
14-Nov-2009 20:48:19,Saved 672 spikes (Expts 5) to /bgc/data/icarus/266/ic266.c1.rds.DT.mat
14-Nov-2009 20:48:19, LFP file /bgc/data/icarus/266/ic266.lfp.rds.DT.mat (Took 0.0 0.0)
14-Nov-2009 20:48:19,Saved 356 spikes (Expts 6) to /bgc/data/icarus/266/ic266.c1.cylinder.SZ.mat
14-Nov-2009 20:48:19, LFP file /bgc/data/icarus/266/ic266.lfp.cylinder.SZ.mat (Took 0.0 0.0)
14-Nov-2009 20:48:20,Saved 2495 spikes (Expts 7) to /bgc/data/icarus/266/ic266.c1.cylinder.ABD.mat
14-Nov-2009 20:48:20, LFP file /bgc/data/icarus/266/ic266.lfp.cylinder.ABD.mat (Took 0.0 0.0)
