Expt Paralell Offset: rds 0.013 +-0.200 *9. 229-232, nr4at-0.06,-2.91, 2.01x15.00, -60.00 deg. sf1.00tf10 97740924
Dur 3750.00,0 NF 22 IS 0.40 Framerate 60.00
cm=rf0.16,-2.53:3.62x6.61,-60.0deg  pe106 -2.0,-6.0 fx=0.00,
props sq0.00 xo-0.16 yo-2.73 wi2.01 hi15.00 or-60.00 sf1.00 tf10.00 dx0.5000 se8919 id6917 bd0.0000 op=+cn+cp+xe+bm+ic 
TrialGood 52: 97593315-97613647 4
cm=noback
mtop=op+do+aa+sq+72+fc+fb+ap+wt+cf+ws+ts+sw+bw+ic+cs+bm+0m+gm+cS+C3

expt: rds et=Pp e2=e0
Expt Start: rds type 288 0.01: 0.20x9 ed=26.1500
xExpt2: EXPTYPE_NONE 30.00: 180.00x0
stim 97746200-97749700:229 bG rds0 props sq0.00 xo0.14 yo-3.25 wi2.01 hi15.00 or-60.00 sf1.00 tf10.00 dx0.5000 se8924 id6918 bd0.0000 op=+cn+cp+sc+cd+bm+ic 
stim 97751033-97754533:230 bG rds0 props sq0.00 xo-0.26 yo-2.56 wi2.01 hi15.00 or-60.00 sf1.00 tf10.00 dx0.5000 se8928 id6919 bd0.0000 op=+cn+cp+sc+cd+bm+ic 
stim 97755866-97759366:231 bG none0 props sq0.00 xo-0.16 yo-2.73 wi2.01 hi15.00 or-60.00 sf1.00 tf10.00 dx0.5000 se8932 id6920 bd0.0000 op=+cn+cp+sc+cd+bm+ic 
stim 97760700-97764200:232 bG rds0 props sq0.00 xo-0.06 yo-2.91 wi2.01 hi15.00 or-60.00 sf1.00 tf10.00 dx0.5000 se8936 id6921 bd0.0000 op=+cn+cp+sc+cd+bm+ic 
Expt Cancelled
cm=noback
mtop=op+do+aa+sq+72+fc+fb+ap+wt+cf+ws+ts+sw+bw+ic+cs+bm+0m+gm+cS+C3

expt: rds et=Pp e2=e0
Expt Start: rds type 288 0.01: 2.00x9 ed=26.1500
xExpt2: EXPTYPE_NONE 30.00: 180.00x0
