Expt Paralell Offset: rds 0.013 +-0.000 *9. 237-241, nr4at-0.16,-2.73, 2.01x15.00, -60.00 deg. sf1.00tf10 97927852
Dur 3500.00,18000 NF 22 IS 0.40 Framerate 60.00
cm=rf0.16,-2.53:3.62x6.61,-60.0deg  pe106 -2.0,-6.0 fx=0.00,
props sq0.00 xo-3.16 yo2.46 wi2.01 hi15.00 or-60.00 sf1.00 tf10.00 dx0.5000 se8952 id6925 bd0.0000 op=+cn+cp+sc+cd+bm+ic 
TrialGood 53: 97817497-97837301 4
Expt Cancelled
cm=noback
mtop=op+do+aa+sq+72+fc+fb+ap+wt+cf+ws+ts+sw+bw+ic+cs+bm+0m+gm+cS+C3

expt: rds et=Pp e2=e0
Expt Start: rds type 288 0.01: 0.00x9 ed=26.1500
xExpt2: EXPTYPE_NONE 30.00: 180.00x0
stim 97933862-97937362:237 bG rds0 props sq0.00 xo-0.16 yo-2.73 wi2.01 hi15.00 or-60.00 sf1.00 tf10.00 dx0.5000 se8960 id6927 bd0.0000 op=+cn+cp+sc+cd+bm+ic 
stim 97938695-97942195:238 bG rds0 props sq0.00 xo-0.16 yo-2.73 wi2.01 hi15.00 or-60.00 sf1.00 tf10.00 dx0.5000 se8964 id6928 bd0.0000 op=+cn+cp+sc+cd+bm+ic 
stim 97943528-97947028:239 bG rds0 props sq0.00 xo-0.16 yo-2.73 wi2.01 hi15.00 or-60.00 sf1.00 tf10.00 dx0.5000 se8968 id6929 bd0.0000 op=+cn+cp+sc+cd+bm+ic 
stim 97948362-97951862:240 bG rds0 props sq0.00 xo-0.16 yo-2.73 wi2.01 hi15.00 or-60.00 sf1.00 tf10.00 dx0.5000 se8972 id6930 bd0.0000 op=+cn+cp+sc+cd+bm+ic 
TrialGood 54: 97932707-97952632 4
stim 97958528-97962028:241 bG rds0 props sq0.00 xo-0.16 yo-2.73 wi2.01 hi15.00 or-60.00 sf1.00 tf10.00 dx0.5000 se8976 id6931 bd0.0000 op=+cn+cp+sc+cd+bm+ic 
Expt Cancelled
cm=noback
mtop=op+do+aa+sq+72+fc+fb+ap+wt+cf+ws+ts+sw+bw+ic+cs+bm+0m+gm+cS+C3

expt: rds et=Pp e2=e0
Expt Start: rds type 288 0.01: 2.00x9 ed=26.1500
xExpt2: EXPTYPE_NONE 30.00: 180.00x0
