Expt Orientation: rds 22.500 +-45.000 *8. 109-112, nr4at-1.67,-6.74, 10.00x10.00, 180.00 deg. sf1.00tf10 1654963
Dur 3750.12,18000 NF 22 IS 0.40 Framerate 60.00
cm=rf-1.67,-6.74:8.42x7.58,-45.0deg  pe44 -3,-4 fx=0.00,fy=0
props sq0.00 xo-1.67 yo-6.74 wi10.00 hi10.00 or-55.51 sf1.00 tf10.00 dx0.6000 se9332 id7141 bd0.0000 op=+cn+cp+bm+ic 
TrialGood 31: 1467847-1488236 4
cm=back=rds,wi=11.00,hi=11.00,ce=1.00,xo=-1.67,yo=1.00,dx=0.00,co=1.00
mtop=op+do+72+fc+fb+ap+wt+cf+ws+ts+sw+bw+ic+cs+bm+gm+cS+C3

expt: rds et=or e2=e0
Expt Start (1654963): rds Orientation 22.50: 45.00x8 ed=13.2600
xExpt2: EXPTYPE_NONE 0.00: 0.00x0
stim 1660461-1663961:109 bG rds0 props sq0.00 xo-1.67 yo-6.74 wi10.00 hi10.00 or45.00 sf1.00 tf10.00 dx0.6000 se1001 id7142 bd0.0000 op=+cn+cp+sc+cd+bm+ic 
stim 1665294-1668795:110 bG rds0 props sq0.00 xo-1.67 yo-6.74 wi10.00 hi10.00 or-90.00 sf1.00 tf10.00 dx0.6000 se10334 id7143 bd0.0000 op=+cn+cp+sc+cd+bm+ic 
stim 1670128-1673628:111 bG rds0 props sq0.00 xo-1.67 yo-6.74 wi10.00 hi10.00 or90.00 sf1.00 tf10.00 dx0.6000 se10336 id7144 bd0.0000 op=+cn+cp+sc+cd+bm+ic 
stim 1674961-1678461:112 bG rds0 props sq0.00 xo-1.67 yo-6.74 wi10.00 hi10.00 or180.00 sf1.00 tf10.00 dx0.6000 se10338 id7145 bd0.0000 op=+cn+cp+sc+cd+bm+ic 
TrialGood 32: 1659455-1679231 4
Expt Cancelled
cm=back=rds,wi=11.00,hi=11.00,ce=1.00,xo=-1.67,yo=1.00,dx=0.00,co=1.00
mtop=op+do+72+fc+fb+ap+wt+cf+ws+ts+sw+bw+ic+cs+bm+gm+cS+C3

expt: rds et=or e2=e0
Expt Start (1717787): rds Orientation 22.50: 45.00x8 ed=13.2600
xExpt2: EXPTYPE_NONE 0.00: 0.00x0
