09-Jul-2009 16:59:39 Fixed LFP in Z:\bgc\data\icarus\252\ic252.lfp.mat
09-Jul-2009 16:59:59 Saving index Z:\bgc\data\icarus\252\ic252idx.mat
Cluster set for P1 Expt 1 09-Jul-2009 17:39:17
Cluster set for P1 Expt 2 09-Jul-2009 17:39:21
Cluster set for P1 Expt 8 09-Jul-2009 17:39:29
09-Jul-2009 17:39:34,Saved 1001 spikes (Expts 1 2 8) to Z:\data\icarus\252\ic252.c1.rds.OT.mat
Cluster set for P1 Expt 3 09-Jul-2009 17:39:43
Cluster set for P1 Expt 4 09-Jul-2009 17:39:51
Cluster set for P1 Expt 5 09-Jul-2009 17:40:12
09-Jul-2009 17:41:07,Saved 452 spikes (Expts 5) to Z:\data\icarus\252\ic252.c1.rds.PP.mat
Cluster set for P1 Expt 6 09-Jul-2009 17:41:20
Cluster set for P1 Expt 7 09-Jul-2009 17:41:23
09-Jul-2009 17:41:27,Saved 1042 spikes (Expts 6 7) to Z:\data\icarus\252\ic252.c1.rds.OP.mat
Cluster set for P1 Expt 9 09-Jul-2009 17:41:33
09-Jul-2009 17:41:36,Saved 273 spikes (Expts 9) to Z:\data\icarus\252\ic252.c1.rds.SZ.mat
Cluster set for P1 Expt 10 09-Jul-2009 17:41:45
Cluster set for P1 Expt 12 09-Jul-2009 17:41:48
Cluster set for P1 Expt 14 09-Jul-2009 17:42:07
Cluster set for P1 Expt 15 09-Jul-2009 17:42:10
09-Jul-2009 17:42:15,Saved 1673 spikes (Expts 10 12 14 15) to Z:\data\icarus\252\ic252.c1.cylinder.DT.mat
Cluster set for P1 Expt 11 09-Jul-2009 17:42:24
09-Jul-2009 17:42:27,Saved 100 spikes (Expts 11) to Z:\data\icarus\252\ic252.c1.cylinder.SZ.mat
Cluster set for P1 Expt 13 09-Jul-2009 17:42:35
09-Jul-2009 17:42:40,Saved 100 spikes (Expts 11) to Z:\data\icarus\252\ic252.c1.cylinder.DPI.mat
08-Aug-2009 09:59:23,Saved 1489 spikes (Expts 13) to /bgc/data/icarus/252/ic252.c1.cylinder.DPI.mat
