Expt Orthog Offset: rds 0.035 +-2.000 *8. 322-325, nr4at-2.66,-2.89, 3.00x12.00, -45.00 deg. sf1.00tf10 5264313
Dur 3874.88,17833 NF 22 IS 0.40 Framerate 60.00
cm=rf-1.88,-cl
props sq0.00 xo-1.84 yo-3.46 wi3.00 hi12.00 or-45.00 sf1.00 tf10.00 dx-0.2000 se10556 id7691 bd0.0000 op=+cn+cp+bm+ic 
TrialGood 105: 5221596-5241992 4
cm=noback
mtop=op+do+sq+72+fc+fb+ap+wt+cf+ws+ts+sw+bw+ic+cs+bm+gm+cS+C3

expt: rds et=Op e2=e0
Expt Start: rds type 286 0.04: 2.00x8 ed=14.7800
xExpt2: EXPTYPE_NONE 0.00: 0.01x0
stim 5269221-5272721:322 bG rds0 props sq0.00 xo3.89 yo-7.48 wi3.00 hi12.00 or-45.00 sf1.00 tf10.00 dx-0.2000 se10559 id7692 bd0.0000 Op-7.48 op=+cn+cp+sc+cd+bm+ic 
stim 5274054-5277554:323 bG rds0 props sq0.00 xo0.62 yo-5.19 wi3.00 hi12.00 or-45.00 sf1.00 tf10.00 dx-0.2000 se10562 id7693 bd0.0000 op=+cn+cp+sc+cd+bm+ic 
stim 5278888-5282388:324 bG rds0 props sq0.00 xo2.25 yo-6.33 wi3.00 hi12.00 or-45.00 sf1.00 tf10.00 dx-0.2000 se10565 id7694 bd0.0000 op=+cn+cp+sc+cd+bm+ic 
stim 5283555-5287054:325 bG rds0 props sq0.00 xo-2.66 yo-2.89 wi3.00 hi12.00 or-45.00 sf1.00 tf10.00 dx-0.2000 se10568 id7695 bd0.0000 op=+cn+cp+sc+cd+bm+ic 
TrialGood 106: 5268197-5287824 4
Expt Cancelled
cm=noback
mtop=op+do+sq+72+fc+fb+ap+wt+cf+ws+ts+sw+bw+ic+cs+bm+gm+cS+C3

expt: rds et=Pp e2=e0
Expt Start: rds type 287 -0.02: 2.00x8 ed=14.7800
xExpt2: EXPTYPE_NONE 0.00: 0.01x0
