Expt Disparity : cylinder 0.000 +-0.200 *2. 663-667, nr4at-6.37,-5.97, 5.01x5.00, 45.00 deg. sf1.00tf9 9586951
Dur 13833.20,20333 NF 58 IS 0.40 Framerate 60.00
cm=rf-6.25,-5.73:14.79x9.95,-135.0deg  pe128 0.0,-6.0 fx=0.0
props sq0.00 xo-6.37 yo-5.97 wi5.01 hi5.00 or45.00 sf1.00 tf9.00 dx0.0000 se10653 id7471 bd0.0000 op=+cn+cp+sc+cd+bm+ic 
TrialGood 157: 9510995-9554381 2
cm=rf-6.25,-5.73:14.79x9.95,-135.0deg  pe128 0.0,-6.0 fx=0.00,fy=0.00 
cm=noback
mtop=op+do+aa+sq+72+fc+fb+ap+wt+cf+ws+ts+sw+bw+ic+cs+bm+0m+gm+cS+C3+CF

expt: cylinder et=dx e2=e0
Expt Start (9586951): cylinder Disparity  0.00: 0.20x2 ed=19.5900
xExpt2: EXPTYPE_NONE 0.55: 0.30x2
stim 9591452-9600952:663 bG cylinder0 props sq0.00 xo-6.37 yo-5.97 wi5.01 hi5.00 or45.00 sf1.00 tf9.00 dx-0.1000 se10655 id7472 bd0.0000 op=+cn+cp+sc+cd+bm+ic 
stim 9602285-9611785:664 bG none0 props sq0.00 xo-6.37 yo-5.97 wi5.01 hi5.00 or45.00 sf1.00 tf9.00 dx0.0000 se10656 id7473 bd0.0000 op=+cn+cp+sc+cd+bm+ic 
TrialGood 158: 9590413-9612547 2
stim 9618284-9627784:665 bG cylinder0 props sq0.00 xo-6.37 yo-5.97 wi5.01 hi5.00 or45.00 sf1.00 tf9.00 dx0.1000 se10657 id7474 bd0.0000 op=+cn+cp+sc+cd+bm+ic 
props sq0.00 xo-6.37 yo-5.97 wi5.01 hi5.00 or45.00 sf1.00 tf9.00 dx-0.1000 se10658 id7475 bd0.0000 op=+cn+cp+sc+cd+bm+ic 
props sq0.00 xo-6.37 yo-5.97 wi5.01 hi5.00 or45.00 sf1.00 tf9.00 dx-0.1000 se10660 id7477 bd0.0000 op=+cn+cp+sc+cd+bm+ic 
Expt Cancelled
cm=noback
mtop=op+do+aa+sq+72+fc+fb+ap+wt+cf+ws+ts+sw+bw+ic+cs+bm+0m+gm+cS+C3+CF

expt: cylinder et=dx e2=e0
Expt Start (9718600): cylinder Disparity  0.00: 0.20x6 ed=19.5900
xExpt2: EXPTYPE_NONE 0.55: 0.30x2
