02-Sep-2009 14:59:38 Fixed LFP in Z:\bgc\data\icarus\368\ic368.lfp.mat
02-Sep-2009 15:00:20 Saving index Z:\bgc\data\icarus\368\ic368idx.mat
Cluster set for P1 Expt 1 02-Sep-2009 15:48:00
Cluster set for P1 Expt 2 02-Sep-2009 15:48:11
Cluster set for P1 Expt 3 02-Sep-2009 15:48:17
Cluster set for P1 Expt 4 02-Sep-2009 15:48:36
Cluster set for P1 Expt 5 02-Sep-2009 15:48:40
Cluster set for P1 Expt 7 02-Sep-2009 15:49:27
Cluster set for P1 Expt 7 02-Sep-2009 15:49:33
Cluster set for P1 Expt 8 02-Sep-2009 15:49:37
Cluster set for P1 Expt 9 02-Sep-2009 15:49:52
Cluster set for P1 Expt 10 02-Sep-2009 15:50:06
Cluster set for P1 Expt 11 02-Sep-2009 15:50:14
Cluster set for P1 Expt 12 02-Sep-2009 15:50:21
Cluster set for P1 Expt 13 02-Sep-2009 15:50:27
Cluster set for P1 Expt 14 02-Sep-2009 15:50:42
Cluster set for P1 Expt 15 02-Sep-2009 15:50:47
Cluster set for P1 Expt 16 02-Sep-2009 15:50:53
Cluster set for P1 Expt 17 02-Sep-2009 15:51:00
Cluster set for P1 Expt 18 02-Sep-2009 15:51:10
Cluster set for P1 Expt 19 02-Sep-2009 15:51:15
Cluster set for P1 Expt 19 02-Sep-2009 15:51:21
02-Sep-2009 15:52:54,Saved 222 spikes (Expts 1 2 15 16) to /bgc/data/icarus/368/ic368.c1.rds.OT.mat
02-Sep-2009 15:52:59,Saved 241 spikes (Expts 3 4) to /bgc/data/icarus/368/ic368.c1.rds.OP.mat
02-Sep-2009 15:53:04,Saved 110 spikes (Expts 5 6) to /bgc/data/icarus/368/ic368.c1.rds.PP.mat
02-Sep-2009 15:53:08,Saved 108 spikes (Expts 7 8) to /bgc/data/icarus/368/ic368.c1.rds.SZ.mat
02-Sep-2009 15:54:09,Saved 582 spikes (Expts 9 10 14 17) to /bgc/data/icarus/368/ic368.c1.rds.DT.mat
02-Sep-2009 15:54:18,Saved 319 spikes (Expts 11 12 13) to /bgc/data/icarus/368/ic368.c1.cylinder.DT.mat
